1000012569.png 4
1000216206.png 8
1000621858.png 2
1000912027.png 3
1003224170.png 6
10046323.png 1
1005531367.png 1
1006010572.png 9
100616788.png 8
1006213761.png 2
1006214292.png 0
100753219.png 0
1007616464.png 6
1007825898.png 0
1007930679.png 2
10089131.png 3
100914391.png 0
1009224065.png 4
100926033.png 1
1009917291.png 6
101017929.png 8
101042492.png 2
1010719607.png 4
1010823632.png 1
101104689.png 3
101226194.png 2
1012327404.png 1
101321559.png 8
1013523851.png 4
1014620688.png 0
101471052.png 5
1015613455.png 3
10167832.png 0
101717305.png 4
1017230790.png 1
1017232633.png 0
1017316670.png 4
1017419413.png 0
101823703.png 4
101927333.png 8
1022813039.png 6
102317371.png 0
1023426154.png 0
102531775.png 4
1025823321.png 0
102623313.png 0
102643685.png 2
1027517301.png 1
1027923630.png 2
102843838.png 8
102908201.png 2
1029521707.png 0
103094335.png 0
1032024177.png 8
1032029916.png 0
1032217100.png 4
1032231448.png 4
1032620028.png 0
1032823153.png 2
1033231080.png 5
103469276.png 8
103504741.png 6
103625623.png 5
103851879.png 1
1038824235.png 1
1038824513.png 6
1039217631.png 7
1039330878.png 0
103959963.png 0
1040030304.png 1
104079900.png 3
1041516974.png 1
104228784.png 2
1042429820.png 0
1042713950.png 2
1043124665.png 5
104321828.png 3
1044318512.png 8
10447687.png 2
104532788.png 8
1045414883.png 6
1046011029.png 7
1046219412.png 7
10464907.png 0
1046814724.png 3
104718181.png 1
1047222103.png 0
1047617116.png 1
104944189.png 5
1050516605.png 8
1051719136.png 8
1051917945.png 1
105307089.png 4
1054417489.png 1
1054614587.png 6
1056111210.png 2
105613992.png 9
1056218808.png 6
1056720326.png 2
1057628825.png 4
1058715830.png 2
1059122082.png 2
1059210219.png 3
105925408.png 1
106148558.png 1
1061910239.png 7
1062618836.png 1
1063131473.png 7
10642796.png 1
1064315732.png 8
1064824751.png 8
106506257.png 4
1066115353.png 5
1066126756.png 4
106808487.png 6
106811678.png 4
10688575.png 3
106892391.png 0
106917112.png 4
106924336.png 5
1070112016.png 2
1072110956.png 0
1072722575.png 9
1072914067.png 0
107365838.png 1
1073911838.png 7
1075719748.png 2
107633326.png 0
107651703.png 4
1078625334.png 4
107871154.png 0
1079029232.png 4
1079219099.png 5
1079316053.png 7
1079428828.png 5
1079621948.png 6
108043790.png 8
1080511174.png 3
108169335.png 3
1081922417.png 7
10831009.png 5
108326067.png 3
108365245.png 4
1085225541.png 8
1085620672.png 1
108598075.png 6
1086221980.png 7
1087310519.png 4
1087620879.png 4
1088023505.png 3
10900828.png 5
1090927466.png 0
109102706.png 8
1091410327.png 7
1091410487.png 1
1091412469.png 0
1092219184.png 1
1092531428.png 3
1092819596.png 8
1093016665.png 2
109315086.png 0
1093530374.png 7
1094624690.png 3
1094830860.png 2
1095229126.png 2
1095312553.png 0
1096629005.png 1
1097923747.png 8
109828401.png 0
109883745.png 2
109928676.png 4
1099531058.png 0
1099725646.png 7
1100018461.png 0
11000781.png 4
11003124.png 1
1102512785.png 2
1102626067.png 9
11026851.png 1
1103111703.png 1
1103623609.png 9
1104318604.png 6
1105031486.png 6
1105726284.png 2
110584028.png 4
1106526312.png 0
110694092.png 2
1107619997.png 0
110792736.png 7
110817708.png 1
110817978.png 0
1108420178.png 6
110852125.png 1
110876448.png 9
1109112062.png 2
110976859.png 0
1109831951.png 4
1112115176.png 3
111241733.png 4
1112630976.png 1
1113116838.png 1
1113125866.png 9
1114928628.png 5
1115127599.png 1
111517168.png 5
1117023882.png 9
1117026333.png 7
111778369.png 5
111779990.png 9
1117830042.png 7
1118313061.png 8
1118711555.png 1
1118713741.png 4
111874679.png 5
1120216.png 3
112024350.png 1
1120430566.png 2
112116081.png 0
1124026269.png 8
1124311266.png 0
1124622909.png 9
1124817093.png 7
112531275.png 0
1125917865.png 2
112632138.png 4
1127424867.png 4
1127515376.png 9
112842343.png 2
1128526726.png 6
1128917852.png 4
1129728535.png 0
1130327248.png 4
1130417112.png 1
1130417491.png 8
1131421145.png 9
1132027567.png 7
1132421130.png 0
1132711179.png 7
113292581.png 7
1133226068.png 0
11343261.png 8
113437808.png 9
1135629675.png 0
1135720763.png 0
113649151.png 4
113669405.png 4
113704088.png 4
113746133.png 5
1138525338.png 4
113992242.png 5
1140732489.png 4
1140827009.png 4
1141313277.png 0
114132561.png 1
1141423504.png 7
1141511147.png 7
1141832713.png 0
1142423270.png 0
114263883.png 0
1142712043.png 4
1142723541.png 9
11431446.png 4
1143512942.png 8
1143719235.png 6
114425200.png 5
1144528027.png 0
114464411.png 1
1144810627.png 6
1145014198.png 0
1145215091.png 2
114689749.png 7
114754591.png 4
1149230592.png 7
1149231505.png 1
11505461.png 0
1150912910.png 7
1151720622.png 0
1152215110.png 4
1152416459.png 0
115323566.png 0
1153817210.png 2
1154326129.png 8
1157430074.png 0
1157628258.png 0
1158425260.png 0
1158627955.png 7
1159730778.png 8
116022687.png 9
116218241.png 8
1162611064.png 1
1162911170.png 0
116295713.png 9
11629786.png 8
116331048.png 8
1163820936.png 1
116411273.png 7
116437936.png 8
1164618874.png 7
1165623904.png 0
1165624085.png 5
116582145.png 0
116586670.png 9
1166122509.png 1
116622980.png 7
1168117631.png 0
116820296.png 8
116883768.png 5
1168920372.png 4
11696312.png 9
116993055.png 8
117012668.png 3
117018948.png 4
1170529399.png 4
1171916706.png 3
1172111254.png 6
1172310960.png 5
1172430226.png 4
117257977.png 6
1173119904.png 1
1173318384.png 8
117402690.png 0
1174032250.png 0
1174118767.png 0
1175329877.png 9
1175517547.png 4
1176813261.png 0
1176930275.png 8
1177010803.png 0
1177221096.png 5
117777546.png 0
1177813795.png 3
1178128498.png 7
1179824447.png 4
118023711.png 3
118054913.png 0
1180719260.png 4
1181826837.png 5
118184932.png 1
118402280.png 2
118548891.png 6
1185810293.png 0
118673793.png 7
118712701.png 0
1187421604.png 6
1188231848.png 4
1188630005.png 0
1189113081.png 1
1189261.png 8
1189711585.png 8
1190631816.png 1
1193328617.png 0
1194782.png 0
1194824593.png 4
1196019686.png 8
1196024468.png 3
1196312696.png 1
119663888.png 9
119742655.png 5
1197523760.png 8
1197712906.png 6
1197727139.png 0
1198831920.png 4
120027860.png 4
1200331583.png 8
1200398.png 1
12006321.png 3
120112431.png 0
1201414112.png 0
1201622268.png 2
1202225874.png 9
1202427930.png 8
1206031370.png 6
120628445.png 4
1206410416.png 7
1206521993.png 5
1206816658.png 6
1207616952.png 4
120788184.png 1
120835189.png 4
12089367.png 8
1209222850.png 1
120937702.png 6
1209820176.png 0
12114982.png 8
1211513110.png 0
1211514009.png 0
1212027418.png 4
1212427880.png 4
1212712721.png 0
1213210866.png 1
1213527056.png 6
12140802.png 6
1215130148.png 0
1215611046.png 4
1215923816.png 4
1216021281.png 1
1216928633.png 2
1217211941.png 7
1217424187.png 0
1218514923.png 9
1218826613.png 0
12188885.png 8
1219112641.png 9
1220829190.png 0
1221230444.png 1
1221361.png 3
1221724398.png 1
1223723305.png 4
122374414.png 9
1223926422.png 0
122409682.png 2
1224412781.png 1
1225828981.png 8
1226423306.png 5
12264915.png 2
1226719011.png 0
1226829172.png 0
1227030404.png 0
1227112893.png 4
1227630673.png 2
122817367.png 7
1228511346.png 8
1229718474.png 4
123022051.png 4
1230721662.png 1
1230820028.png 9
12313648.png 7
1231678.png 4
1231820419.png 9
1233228590.png 8
1233229440.png 8
1233313811.png 1
1233424200.png 7
1234025558.png 7
1235031667.png 0
1235121049.png 9
1235316977.png 0
1235430343.png 2
1235520496.png 1
123627872.png 2
1236926583.png 0
1237410046.png 0
1237413879.png 0
1237811848.png 4
123804775.png 4
1238611648.png 4
123957805.png 0
124017310.png 1
124018316.png 4
124054264.png 6
1240712347.png 2
1241712441.png 6
1242311728.png 1
1244318661.png 1
12444239.png 2
1244522104.png 9
1244925101.png 4
1245011616.png 4
1245526792.png 2
124569344.png 4
1245730604.png 2
1245923189.png 2
124646585.png 5
1246923559.png 7
1247618981.png 8
1249422258.png 8
125016427.png 2
1250316950.png 1
1251317394.png 1
1251428646.png 4
1251713037.png 4
1252118707.png 3
12524828.png 5
1254014856.png 4
1254210574.png 1
125509021.png 0
1255811867.png 8
1258630735.png 7
1259026148.png 7
1259115555.png 5
1259325582.png 0
126007046.png 5
1261618701.png 0
1263126809.png 0
1263328660.png 0
1263329141.png 6
1263528339.png 6
1263825784.png 2
1263931445.png 1
1264795.png 2
1265024152.png 9
1265518944.png 5
1267114959.png 2
126714669.png 1
1268500.png 9
1268927798.png 0
1269817204.png 6
127023428.png 5
1270323707.png 1
127049932.png 7
1270622738.png 8
1270818609.png 1
127195071.png 0
1272415710.png 0
1272418363.png 1
12725701.png 1
12726199.png 5
1273220019.png 0
1273517331.png 7
127361990.png 2
1273632121.png 9
1273828359.png 8
1274510143.png 9
1274923393.png 1
1275320758.png 0
127625059.png 7
1276319426.png 1
1276782.png 2
1276815159.png 1
1277213102.png 3
127754471.png 0
1278124022.png 6
1278131758.png 1
127831099.png 1
1278613778.png 8
1279622768.png 4
1280110968.png 2
1281115526.png 6
128135276.png 1
1282027208.png 4
128267910.png 4
1282711644.png 1
1282718884.png 7
1283212637.png 2
1283318641.png 2
128369724.png 0
1284813869.png 1
1285211811.png 5
1285324894.png 7
1285325085.png 8
1285813427.png 7
1286328129.png 0
1286930021.png 2
128694089.png 2
128754671.png 7
1287624887.png 5
128919288.png 1
1289632165.png 0
128981489.png 4
1290226201.png 9
1290920621.png 0
129201450.png 3
1292130373.png 8
1292611398.png 4
1292727960.png 6
1292816127.png 7
12929228.png 1
129311115.png 6
129326082.png 1
129333757.png 7
1294213451.png 4
1295024064.png 8
1296314258.png 0
1296424152.png 0
1296517954.png 5
1297229314.png 8
1297523861.png 4
1298430060.png 0
1298831367.png 4
1300026975.png 9
1301015231.png 3
1301419679.png 4
1301624094.png 7
130273933.png 3
130275620.png 8
1304026306.png 0
130463972.png 2
1305427067.png 4
130543919.png 4
1305522490.png 2
130681309.png 3
1306919111.png 0
1307115727.png 2
1307732064.png 1
1308210539.png 4
1309325986.png 0
1310016386.png 6
1310330230.png 8
1310627052.png 2
1311422376.png 0
1312030775.png 6
1312422279.png 6
131366969.png 3
131465525.png 0
13163302.png 0
131668657.png 6
131758921.png 5
131797750.png 4
131872213.png 4
131896252.png 8
131914597.png 4
1320318368.png 1
132087196.png 7
1322118736.png 4
1323813206.png 4
1324422931.png 8
132474289.png 1
132474553.png 1
1324928858.png 8
1327026808.png 8
1327716540.png 7
1327717182.png 1
1328116627.png 0
1328120543.png 8
132859959.png 4
1328913858.png 2
1329513675.png 0
132969626.png 2
1329916937.png 2
1330118656.png 5
1331411962.png 4
1331617056.png 0
1332414769.png 1
1332726397.png 7
1333828555.png 4
133431280.png 0
1335219607.png 4
1335231697.png 2
13354291.png 9
133564410.png 6
1336022760.png 3
133685996.png 4
1336926188.png 2
1337119388.png 8
133727773.png 2
1337317939.png 2
1337810868.png 0
1338928743.png 8
133908668.png 7
1339727243.png 6
134022738.png 2
1340530259.png 4
1340622675.png 7
1341531944.png 8
1341624006.png 7
1343027026.png 2
1343518387.png 1
134361561.png 2
134463233.png 4
1345524754.png 7
1345922738.png 8
1346012644.png 8
134663618.png 8
134753956.png 7
1349016567.png 6
1349831089.png 3
1349910147.png 0
135021710.png 1
135023665.png 7
135028094.png 1
1350313047.png 2
135033588.png 7
1351112096.png 2
1352521210.png 8
1352811154.png 3
1353126786.png 0
1353731947.png 6
1353815990.png 5
135427528.png 2
1354411957.png 2
135555415.png 8
1355813063.png 0
135589687.png 8
1357132449.png 5
1359229195.png 0
135942245.png 6
1359829942.png 9
1360915681.png 5
1362120039.png 1
1362215547.png 4
1362326060.png 5
1362326439.png 4
136268542.png 0
136311336.png 8
1363422648.png 0
136458867.png 2
136521115.png 2
1366910376.png 0
1367318779.png 4
1367628764.png 8
136785175.png 4
1368230946.png 6
136861722.png 4
1369232086.png 8
136968563.png 7
1369731250.png 0
136983941.png 1
1369931209.png 9
1370010339.png 7
1370618137.png 0
1370930812.png 6
137123474.png 1
1371731792.png 1
1372226197.png 9
137295581.png 7
1373222037.png 0
1373315632.png 9
13745907.png 7
1374625742.png 4
1375512839.png 1
1376612617.png 6
13766360.png 1
137741008.png 4
1377721553.png 0
1378010297.png 5
1378326266.png 8
138135498.png 7
13815257.png 4
1382023261.png 4
1382432232.png 0
1382515142.png 0
1382827263.png 4
138422748.png 6
1384520658.png 0
1384521070.png 8
138469592.png 6
13851797.png 1
1385321010.png 2
1385323658.png 8
1386130444.png 5
138626921.png 3
138656210.png 8
1387226375.png 1
1387411694.png 0
1387624629.png 0
138814580.png 6
1389313155.png 2
1389317650.png 0
1390231297.png 1
1391922438.png 3
1392531178.png 4
1393732099.png 0
139409441.png 2
139437519.png 7
139493794.png 8
1395620477.png 4
1396417025.png 1
1397227551.png 2
1398027461.png 7
139805044.png 8
139806192.png 9
139827.png 2
1399118114.png 8
139928588.png 5
1399324166.png 4
1399726664.png 9
1401931467.png 6
14032485.png 8
14033555.png 4
1403617328.png 2
140375704.png 7
1403829506.png 8
1404422760.png 6
1404513103.png 3
1404913096.png 4
1404918599.png 4
140563859.png 7
1405824956.png 7
1406320854.png 2
1406726620.png 7
1409124148.png 0
1409330119.png 4
1409528890.png 0
141009512.png 2
14101209.png 0
141257840.png 7
141279070.png 8
1415119095.png 0
1416014133.png 0
1416132674.png 8
1417210053.png 3
1417530898.png 5
1417822206.png 7
141824421.png 4
1419512947.png 4
1419515355.png 8
141957219.png 8
142013748.png 0
142022626.png 4
1420314802.png 0
142039309.png 4
1421721865.png 1
1421910973.png 4
1422228564.png 4
1422316837.png 7
142312594.png 0
142495477.png 0
142569259.png 2
14258657.png 0
142713514.png 3
1427631197.png 8
14281766.png 7
1428714969.png 2
1428831363.png 9
1430611646.png 4
1430720769.png 2
14331351.png 7
1433217976.png 4
1433324924.png 6
1433815222.png 9
143435662.png 0
143579042.png 0
1436311879.png 4
1437119449.png 1
1437426074.png 0
1437523550.png 9
143841691.png 5
1440817398.png 2
144124271.png 7
14413323.png 1
1441416144.png 3
1441426176.png 6
144157643.png 1
1442225623.png 4
1442310205.png 5
144231959.png 3
1442911923.png 6
1443115335.png 0
1443510402.png 0
144355839.png 5
1443910028.png 0
1444119299.png 2
1444431122.png 0
144539923.png 0
1445521043.png 7
1446029038.png 1
1446328565.png 4
144644994.png 1
1446521112.png 7
1446916976.png 2
144721984.png 7
144724302.png 3
1448611149.png 0
144871576.png 2
1448730817.png 0
1448822384.png 5
1450215846.png 6
145155363.png 1
145175966.png 0
1451917965.png 0
14520621.png 5
1452614.png 1
145282910.png 8
145341132.png 5
1453813279.png 4
145404118.png 0
14543977.png 1
145448560.png 1
1455128112.png 2
1457127199.png 7
1457223526.png 3
145819575.png 0
1458914095.png 0
1459030678.png 0
1460115084.png 3
1460921640.png 1
1462523740.png 5
1462616711.png 4
1462731351.png 8
1462815111.png 7
146282238.png 8
14629732.png 0
146409754.png 0
146491863.png 6
1465129499.png 2
14654078.png 7
146576596.png 8
1465914929.png 8
1466419352.png 7
1466420192.png 4
1466515422.png 4
1466623026.png 2
14668813.png 3
146701865.png 1
1467119159.png 1
1467315268.png 7
1467427228.png 1
1467713202.png 0
146925288.png 4
1469923650.png 3
1470412869.png 1
147044123.png 2
1471122943.png 6
1472529647.png 6
1472610718.png 4
14734.png 4
1473711025.png 0
1473910694.png 4
1474426190.png 0
1478331482.png 0
1478418223.png 8
1478724433.png 4
147930195.png 3
148019722.png 0
1480930893.png 0
1481027693.png 3
14818228.png 8
148197945.png 5
148256813.png 1
1484231819.png 1
1484716685.png 7
1484723526.png 1
148529591.png 0
1485816707.png 4
1485925268.png 1
1485930837.png 0
148618779.png 6
148627060.png 0
1486522950.png 5
1487129869.png 1
148736027.png 9
1487929185.png 0
148818920.png 4
148878731.png 0
148898281.png 1
1489231300.png 0
149002534.png 0
149021909.png 0
1490512950.png 1
149146528.png 2
1492327592.png 5
149303303.png 3
1493925652.png 2
1496023800.png 0
1496224001.png 8
149622494.png 0
1497431954.png 4
1497626376.png 0
1498222923.png 2
1499117654.png 2
14996143.png 4
1500613746.png 2
150066855.png 8
1501818628.png 3
1501927456.png 0
150205680.png 8
1502219358.png 5
150227064.png 3
150254724.png 8
150275807.png 8
150339092.png 1
1504630598.png 1
1505027327.png 8
1505619744.png 1
15059439.png 5
150646474.png 3
1507312388.png 8
1507513976.png 9
1507921100.png 1
1508119247.png 1
1508121976.png 3
1508923874.png 4
1509120702.png 6
1509210293.png 8
1510418381.png 7
1510817221.png 0
151117292.png 2
1512224791.png 6
1512417379.png 7
15128618.png 5
1512911498.png 7
151353514.png 0
1513823904.png 6
1514027583.png 8
1514522678.png 5
1515311682.png 6
1515917313.png 7
15160527.png 4
1516119183.png 2
1516725101.png 2
1520310599.png 0
1520617147.png 4
1520712453.png 2
1520912594.png 2
1521225972.png 0
152159847.png 0
1522522037.png 8
1522725708.png 0
15248002.png 4
1525014718.png 7
15251684.png 0
152594469.png 3
152609225.png 0
152629747.png 2
1526611179.png 2
1526816350.png 2
1527221541.png 9
152797576.png 8
15279792.png 4
153011430.png 1
1530321949.png 1
153042916.png 0
1530724565.png 7
1532414747.png 4
1533211498.png 1
1533220800.png 9
153326690.png 5
1533324993.png 0
153432818.png 2
1534530270.png 2
153639815.png 1
1536510753.png 2
153755011.png 1
153763193.png 4
1538227736.png 0
1538321631.png 0
1539124482.png 3
1539715792.png 1
1540010722.png 7
1540725580.png 1
1540929378.png 5
1541411116.png 8
154147830.png 6
154259728.png 1
1542615356.png 1
1543016663.png 4
1543424876.png 2
1543425421.png 6
154356412.png 6
154357588.png 0
1546119802.png 8
154744110.png 5
1547526878.png 0
1547532572.png 2
1549018785.png 0
1549124353.png 7
154927440.png 0
1550218005.png 5
1550617025.png 2
155098417.png 4
1551221092.png 7
1551313172.png 7
15515598.png 7
155181643.png 3
155217151.png 5
155322569.png 0
15532598.png 0
1553919578.png 2
155508896.png 0
1556611717.png 0
1556618358.png 0
1556815882.png 0
1557217594.png 4
1557810959.png 7
1557928499.png 7
155823083.png 3
1558414295.png 2
156078164.png 4
1562032222.png 2
15621928.png 0
1564610613.png 2
1565820766.png 8
1567021159.png 4
1567111620.png 7
156739437.png 3
1567514824.png 9
156797634.png 3
1568029462.png 1
1568116852.png 5
156816125.png 0
156820920.png 0
1568315972.png 6
1568321767.png 6
1568625696.png 7
156884572.png 8
156945141.png 9
1569518522.png 9
1569715872.png 1
1569723094.png 4
157002045.png 7
1570611942.png 5
1571119969.png 2
1571611260.png 6
1571612888.png 4
157215417.png 1
1572420348.png 3
157275364.png 3
1573217552.png 7
1573217608.png 1
157376456.png 0
157510464.png 1
1575227375.png 0
1575510459.png 5
1575518124.png 8
1575910680.png 4
1576231350.png 0
1576318894.png 0
1577519418.png 6
1578922079.png 2
1579012637.png 0
158007128.png 5
1580217852.png 2
158074053.png 4
1581710999.png 1
1581713501.png 9
1582219109.png 0
1582228783.png 4
1582315453.png 6
15823206.png 7
1582710786.png 1
1582824456.png 1
1584032556.png 1
15850214.png 5
158549219.png 8
1586012604.png 2
158651138.png 8
158668579.png 4
1587323608.png 4
1587327036.png 1
1588126560.png 5
1589329297.png 6
159026910.png 0
1590431286.png 7
159078972.png 4
1591320407.png 7
1591429592.png 0
159248002.png 0
1593815736.png 8
159446182.png 5
159566918.png 4
159569735.png 4
1596419181.png 5
1597531993.png 6
1598004.png 4
159810046.png 9
1598431101.png 2
159859835.png 8
15986802.png 1
1599111061.png 4
1599910963.png 9
160049504.png 3
160142133.png 9
1601929176.png 3
1601948.png 0
160208232.png 4
160231898.png 8
1602325926.png 3
1602326917.png 8
1602620079.png 4
1603419922.png 8
1603812983.png 0
1604130532.png 1
1605017002.png 2
1605111143.png 6
1606422621.png 1
160676220.png 4
160681730.png 0
160758997.png 1
1607914323.png 8
1608811657.png 1
1608832404.png 0
160922355.png 0
1609718978.png 2
1609811690.png 8
160991288.png 1
1609929888.png 0
1610012545.png 0
161088724.png 0
161128836.png 8
161177466.png 9
161194441.png 8
1612729945.png 0
16131372.png 4
1613218106.png 0
1613231028.png 5
1613712318.png 2
1614027784.png 4
1614510694.png 0
1614623466.png 2
161647710.png 4
1616612711.png 4
1618127227.png 8
16184129.png 3
1618620717.png 1
1619131966.png 2
1619132515.png 8
1619827116.png 4
162014707.png 8
1620513566.png 7
1620817094.png 0
1620914885.png 0
1621230040.png 4
1621910210.png 9
162323676.png 4
162362214.png 4
1624229895.png 1
1624316124.png 0
1624518871.png 1
1625720188.png 2
162620258.png 8
1627220641.png 8
162727402.png 6
1629218299.png 4
1629221172.png 5
162937239.png 4
162997854.png 0
1630632708.png 3
163127096.png 3
1632120879.png 3
1633728087.png 4
1633928463.png 0
1634013303.png 4
1634126930.png 3
163425569.png 4
163426229.png 0
163452511.png 3
1635018401.png 8
1635910448.png 1
163593481.png 1
1636016112.png 4
1636130818.png 1
1636423697.png 9
163711871.png 4
1637423887.png 9
1637828895.png 0
163941284.png 3
1639523982.png 6
164024634.png 7
1641410255.png 7
164236363.png 4
164278557.png 5
164279493.png 4
1643217384.png 3
1643311191.png 8
1644022883.png 0
164515514.png 4
1645564.png 8
1646631213.png 0
1647410548.png 2
164804621.png 9
1648120237.png 0
1648928356.png 6
1649016333.png 9
164903683.png 1
165007900.png 5
165019059.png 7
165032239.png 1
1650412742.png 1
165114392.png 8
165117366.png 6
165135931.png 7
1652512981.png 7
1653510996.png 4
1653719529.png 1
1654626684.png 0
1655631562.png 7
1656810984.png 1
1657013714.png 4
1657331496.png 1
1658020441.png 6
1658306.png 1
1658818371.png 6
165897073.png 0
1659131754.png 0
1659214656.png 3
1659624120.png 4
165979863.png 9
1660111965.png 8
166037990.png 8
1661313108.png 3
1661425358.png 2
1662112065.png 2
16628112.png 1
166283210.png 0
1663032364.png 4
16636705.png 1
1663716431.png 0
1664132053.png 5
16644059.png 7
166447237.png 8
166467474.png 0
1664924954.png 3
16649781.png 4
166557435.png 0
16658102.png 1
166594075.png 6
166674183.png 2
1666827755.png 6
166717915.png 3
1667218077.png 8
1668022370.png 2
1670611468.png 5
167086759.png 1
167109249.png 7
16712838.png 7
1671717199.png 6
1673128390.png 6
1673222418.png 2
167324722.png 2
1673928312.png 4
167393008.png 1
167495718.png 6
167512197.png 1
167516575.png 8
1675228471.png 0
1675621721.png 6
1676832622.png 7
1677119152.png 9
167725532.png 7
1677517640.png 0
167768426.png 4
167832554.png 0
1678518028.png 6
167923288.png 9
1680212130.png 0
168117250.png 8
1681415595.png 0
168191598.png 4
1682131900.png 3
168219556.png 4
1682616730.png 7
168334726.png 4
1684228753.png 4
1684921607.png 1
168505858.png 1
1685913404.png 7
16868460.png 2
168743711.png 1
1688013094.png 1
168875446.png 8
1689423250.png 1
1689912025.png 4
169012139.png 2
1690415418.png 0
169078452.png 0
16913358.png 3
169181184.png 2
16924343.png 6
169266386.png 0
169284350.png 8
1693121279.png 1
1694117295.png 1
169413369.png 1
1695618143.png 9
1696927924.png 1
1697210800.png 7
169854442.png 3
1698625101.png 1
1699023113.png 0
1700022429.png 9
1700311044.png 6
1700717922.png 0
170106759.png 6
1701121321.png 4
17012373.png 7
1701611519.png 1
170330630.png 6
1703413761.png 8
17049085.png 7
1705023331.png 0
1705218125.png 5
1706314917.png 3
1706620409.png 8
1707517716.png 7
170756458.png 8
17082803.png 2
1708630017.png 0
1708718959.png 7
1708915455.png 0
1708915784.png 4
1709117469.png 5
1710921474.png 3
171146554.png 6
1712422809.png 3
1712819769.png 0
171393549.png 3
171420531.png 8
1714622872.png 2
1714711568.png 9
1715630742.png 7
171565721.png 2
17158509.png 4
1715918168.png 4
1716914986.png 0
1716917565.png 4
1718323779.png 1
1719010653.png 1
1719330326.png 4
1719811034.png 4
171988284.png 5
1720820846.png 7
172119406.png 3
172133805.png 2
17224104.png 6
1722820953.png 0
172315429.png 2
172324815.png 0
1723424235.png 8
1725116672.png 4
17258353.png 6
1727616229.png 0
1727825126.png 0
1728020603.png 0
1728425014.png 3
17285501.png 8
1729020810.png 0
1730230052.png 8
1730826782.png 8
1731512454.png 0
173227317.png 1
173328707.png 6
1733929341.png 5
173402911.png 0
1735222590.png 1
1736019922.png 8
173612816.png 1
173692007.png 7
1737223606.png 5
1738427509.png 3
173844308.png 0
1738626664.png 4
1739120359.png 0
1739123224.png 4
1740115771.png 4
1740432021.png 4
1741232752.png 8
174168003.png 3
17424024.png 1
1742621830.png 7
174316515.png 8
174329370.png 2
1744421989.png 8
1745225494.png 5
1745715841.png 7
174596790.png 7
1746114819.png 0
1746320410.png 0
1746916028.png 9
1747926018.png 0
174905618.png 4
174922395.png 6
175088824.png 8
175097750.png 4
1751013721.png 6
1751421427.png 6
1751827352.png 0
175195924.png 8
175314485.png 4
1753232421.png 1
1753625994.png 8
1753713755.png 8
1753916997.png 0
1754517732.png 3
1754721720.png 4
1755318285.png 1
1756330032.png 5
1756907.png 2
1756918275.png 2
1756923656.png 2
175711762.png 2
175731433.png 7
1758215487.png 0
175826633.png 1
1759225516.png 6
175931722.png 6
17605842.png 5
1760832303.png 8
1761024239.png 2
176117155.png 2
176117977.png 4
17618092.png 5
1762026818.png 8
176325396.png 5
1763322922.png 0
1763323709.png 2
17638255.png 8
176387035.png 0
176427552.png 3
1765211736.png 4
176525224.png 9
1765814824.png 6
17663326.png 8
1766421956.png 1
1766612781.png 1
176676565.png 1
176735448.png 0
1768514133.png 1
1768516937.png 2
1768910451.png 2
176981552.png 3
1770431483.png 0
1770722706.png 2
177103804.png 0
177120880.png 2
177126164.png 1
1771326270.png 2
1771328287.png 0
177188995.png 2
1772120522.png 7
1772413829.png 5
1772730159.png 8
1773622549.png 4
177412814.png 5
1774416189.png 4
1774816090.png 1
1775418714.png 6
1776111478.png 5
177637115.png 0
1776717822.png 1
1777515387.png 0
177783862.png 8
177816276.png 5
1778324368.png 5
1778719812.png 2
1779232270.png 7
1779319584.png 2
1779432550.png 5
178022018.png 0
178029696.png 0
1780322942.png 2
1780410451.png 5
1781413345.png 7
178147624.png 1
1782510255.png 2
1782710579.png 3
17828071.png 4
1782931560.png 6
17834796.png 8
178418218.png 0
1785022414.png 9
1785430875.png 2
1785631736.png 2
1786726515.png 3
1787210170.png 3
1787725490.png 1
1788326943.png 3
1788730014.png 8
178905398.png 4
1789725881.png 1
178973161.png 1
1790024652.png 2
179096552.png 4
179153847.png 2
1792220080.png 5
1792831953.png 1
179329480.png 0
1793322570.png 1
179386466.png 6
179409994.png 8
1794432308.png 3
1795014479.png 1
1796332006.png 0
1797623958.png 1
179798847.png 7
179820445.png 4
1798423536.png 0
1799227695.png 8
1799820972.png 0
1800718759.png 7
1801510070.png 2
180305582.png 8
1803411424.png 0
1803523057.png 4
180369742.png 0
1804611407.png 2
1804726613.png 4
180509322.png 5
1805221711.png 4
1805727267.png 0
1805822134.png 5
180624667.png 2
1806626559.png 7
180691459.png 4
1807222080.png 4
1808224909.png 0
1808714665.png 4
181003303.png 7
181022985.png 8
1810323862.png 4
1811016680.png 4
18110552.png 1
1811211923.png 4
1811721550.png 1
1813911977.png 0
1814423866.png 8
1814628911.png 0
181476762.png 2
1815911931.png 9
181678886.png 1
181703758.png 1
181725040.png 3
1817520196.png 8
1818925977.png 2
1819418344.png 9
181988442.png 6
1820420695.png 9
1821015670.png 7
1821024141.png 8
1822831120.png 4
1823718111.png 0
1823831546.png 6
1825431516.png 5
1826531986.png 4
1826728274.png 9
1826815236.png 9
182702910.png 1
1827531965.png 0
1828220768.png 8
1828331769.png 4
1829329219.png 0
1830419623.png 0
1830514301.png 4
1830516517.png 2
1830822627.png 4
1830913540.png 2
183185590.png 4
1832228672.png 9
183229735.png 2
183247390.png 4
1832722841.png 4
183344779.png 8
1833517852.png 6
1833716766.png 7
1834532706.png 0
1834812011.png 8
1834815330.png 4
1837026635.png 7
1837618177.png 6
1837826878.png 2
183858083.png 2
183923770.png 0
18398660.png 0
184006668.png 6
1840123255.png 4
1840916785.png 8
1841816328.png 6
184212182.png 4
1843130134.png 6
1843613084.png 8
1843616722.png 8
1843930725.png 5
1844225614.png 1
184517644.png 0
1845624215.png 0
1845830539.png 2
1846112411.png 5
184632845.png 1
1846426745.png 0
184642872.png 0
18464508.png 4
1847429774.png 4
1848526402.png 5
1849930591.png 2
1850122201.png 7
1850927728.png 0
1851219584.png 7
185134030.png 1
1852018959.png 0
1852511298.png 4
1852511922.png 6
1852532704.png 1
1852612423.png 3
1852621476.png 1
185337216.png 4
1853819684.png 4
1854019055.png 8
185420282.png 2
185437493.png 8
1855028307.png 4
185523771.png 2
1856713980.png 5
185704256.png 0
1857327073.png 7
18581290.png 1
1858419110.png 0
1859011308.png 8
1859124105.png 0
185928488.png 0
1861230438.png 3
186134254.png 0
18620703.png 1
18620796.png 4
1862114195.png 0
186241033.png 4
186261258.png 2
1865612628.png 7
1866018696.png 4
1866526678.png 4
186729686.png 8
186872344.png 7
1869913400.png 7
1870423397.png 4
1870513682.png 8
1871831401.png 4
1872210396.png 4
1872632678.png 8
1872729980.png 0
1873415703.png 6
1873930843.png 8
1874012494.png 4
1874013888.png 3
1874016245.png 0
1874531389.png 8
1876024284.png 0
1876626659.png 2
1876832505.png 4
1876912684.png 4
1877628396.png 0
1877826760.png 7
1878224512.png 6
187837286.png 0
187838532.png 3
1878917915.png 3
1878920891.png 0
1879429643.png 4
1879522625.png 1
1880123746.png 4
1880414572.png 3
1881812271.png 7
1881924378.png 4
18825226.png 0
1883213274.png 8
1883530739.png 0
188418731.png 8
1884223223.png 4
188424067.png 5
188432904.png 6
1884829452.png 0
188496866.png 8
1886317233.png 0
1887126970.png 4
1887611255.png 0
1887612965.png 0
1888411134.png 0
188992596.png 0
1890331661.png 7
189072481.png 2
1891216938.png 0
189132435.png 9
1891418003.png 2
1892216622.png 5
1892312084.png 3
1892420590.png 7
1892421967.png 3
1892714663.png 7
189311516.png 2
1894830453.png 4
189604163.png 1
18961040.png 5
1896317562.png 3
189705280.png 5
1898130889.png 8
19004687.png 7
1900718473.png 5
1900915160.png 8
1901513379.png 4
190183277.png 3
1902316848.png 4
1902912671.png 2
190326719.png 3
190405657.png 2
190493354.png 4
190528402.png 4
1905610232.png 2
1905816296.png 6
1906510961.png 4
190692711.png 4
1908110637.png 1
190916581.png 9
1910629695.png 1
1910715948.png 2
1911529513.png 5
19121460.png 1
191227326.png 0
1913015380.png 2
1913325161.png 3
1913528041.png 0
1914215498.png 4
1914416554.png 9
191537884.png 2
191662742.png 1
1917316788.png 2
19176293.png 4
1918211221.png 5
191822332.png 8
1919011966.png 4
1919128904.png 3
1919329269.png 5
1921023299.png 1
1921125160.png 0
192176965.png 2
1922017121.png 8
1922127809.png 0
1923232595.png 8
1924319644.png 4
1924426082.png 6
1924920428.png 2
192587002.png 2
192618935.png 2
1927412234.png 5
1927612658.png 1
1929813013.png 0
1931219663.png 6
1931820872.png 4
1932225589.png 8
1932629397.png 8
1933124027.png 9
1933316925.png 2
193609189.png 2
193625677.png 0
1937732679.png 0
193878260.png 0
194021409.png 5
1940315965.png 0
1941725103.png 8
194208215.png 1
194304623.png 3
194305039.png 0
1944124835.png 0
1944615491.png 1
194489643.png 8
19449908.png 3
1945217766.png 0
194547521.png 1
1945816749.png 1
1945817972.png 2
1945912762.png 0
194593362.png 3
194614954.png 1
194626449.png 0
1946710501.png 4
1948428803.png 2
1950616052.png 6
195068953.png 0
1953016438.png 0
1953129221.png 0
1953613931.png 0
1954315425.png 5
195559075.png 0
1955825630.png 2
195631563.png 0
1957031820.png 1
1957211971.png 9
1957413405.png 4
1958731875.png 4
1960125008.png 0
196093440.png 2
19617427.png 5
1961826257.png 6
19621443.png 0
196257846.png 4
1963226930.png 5
1963232436.png 2
1964226958.png 4
1964313229.png 0
1964514420.png 7
196543317.png 0
196587456.png 4
1966325527.png 7
1966418434.png 2
196644776.png 2
1967011705.png 7
196831860.png 5
1968413853.png 0
196913680.png 5
1969829777.png 8
1970630295.png 8
1970717445.png 2
197075.png 9
1972025893.png 5
1972612317.png 4
1972725579.png 0
1972918084.png 3
197365373.png 0
197386681.png 1
1974418137.png 4
1974617367.png 4
1974811986.png 8
1975325450.png 0
1975411014.png 8
1975415481.png 1
1976025664.png 7
1976421656.png 2
19769526.png 1
1977218857.png 0
197758726.png 1
1977911145.png 8
1977913915.png 4
1978030735.png 8
197835275.png 0
1979025860.png 0
197921247.png 0
1979625934.png 9
1980112960.png 4
198025888.png 2
1982010918.png 8
1983013520.png 5
1985230156.png 1
198531937.png 4
1985513113.png 7
1986921014.png 4
1987632383.png 5
1987829974.png 4
199011347.png 9
199048771.png 0
1990818193.png 0
199378173.png 4
1994228579.png 4
199432086.png 5
1996314962.png 5
1997330178.png 8
1998125316.png 0
2000623140.png 4
2001710884.png 7
200327304.png 3
2003812056.png 1
2004013924.png 5
2004129420.png 2
20052779.png 1
200613837.png 8
2006219026.png 4
2009714053.png 0
201025085.png 4
2011326387.png 1
20117363.png 1
2011929632.png 6
2013128908.png 5
2014012507.png 6
2014610648.png 4
2014731071.png 8
201516475.png 5
2015227069.png 0
2015312189.png 1
2015629090.png 8
2015816743.png 1
2015818285.png 8
2015912594.png 8
2018229725.png 8
2018311386.png 8
2018925471.png 2
201904109.png 7
2019516205.png 1
2020118086.png 8
2021324534.png 7
202133439.png 1
2021622990.png 2
2021928464.png 0
2022821126.png 4
2022826081.png 0
2023227134.png 1
2023619738.png 1
2024314043.png 8
202564557.png 6
202617060.png 1
2026324339.png 5
202649954.png 2
2027213697.png 7
2027924142.png 8
20299255.png 7
2031227921.png 2
20315156.png 2
203153509.png 8
203194142.png 8
2032513636.png 0
2032632690.png 6
203324154.png 2
2033624906.png 4
2034928855.png 2
203612126.png 8
2036214874.png 0
2036617733.png 0
2037823620.png 5
2038310891.png 2
203835123.png 0
2038427028.png 2
203871200.png 2
203916554.png 1
2039314115.png 4
2040023276.png 5
2040311542.png 0
2040624643.png 0
2041255.png 2
2041322515.png 4
204158942.png 4
204169186.png 1
204181236.png 6
20428795.png 0
2044613185.png 2
2045013602.png 7
2045125893.png 2
2046110217.png 2
204616134.png 4
2047021316.png 2
2047228089.png 8
2047630718.png 2
2047829453.png 8
2048319731.png 7
204927995.png 8
2050516874.png 4
2050715292.png 2
205085546.png 1
2052532098.png 4
2053825520.png 4
2055028423.png 6
2056029329.png 5
2056510651.png 9
2058115776.png 0
205830030.png 7
2058813743.png 0
205905681.png 8
205914349.png 4
2059523619.png 5
205952611.png 2
2059931332.png 0
2060414280.png 2
2061224362.png 2
2061825216.png 5
2062226934.png 1
2062621113.png 1
2063511249.png 8
206356286.png 0
20650268.png 2
2065514830.png 3
2065917571.png 0
2066326498.png 8
20669937.png 0
2067214685.png 4
2067322764.png 4
2067328414.png 1
2067721845.png 5
2068126989.png 3
206829396.png 8
20685838.png 1
2069025630.png 4
2069419962.png 0
20697833.png 1
20703301.png 1
207051695.png 7
2070631991.png 1
2071020368.png 7
2071710014.png 3
2072317591.png 6
2072432673.png 5
207267595.png 1
2073316788.png 0
20734574.png 4
2073630709.png 2
207426475.png 0
207508844.png 1
207573394.png 3
2076221542.png 7
2076224316.png 1
2077423354.png 4
2079627728.png 3
207965176.png 2
2080120089.png 1
2080912469.png 1
2081029352.png 2
2081030615.png 0
2081320500.png 1
2081515989.png 7
208269074.png 2
208284260.png 0
208307262.png 0
2083123064.png 2
2083131991.png 5
2083213909.png 4
2084910511.png 4
208592077.png 4
208611190.png 9
2086431430.png 1
2086515433.png 0
20866213.png 6
2087718328.png 0
2088322092.png 4
2088724463.png 0
20894555.png 4
2089728288.png 0
20898193.png 4
20907043.png 0
2091818642.png 2
2092414128.png 0
209254590.png 6
2092620097.png 2
2092711698.png 6
2092912322.png 4
2093419747.png 0
2093823398.png 4
209413085.png 8
209478222.png 6
209529251.png 2
209668569.png 0
2096720262.png 1
2096726193.png 5
2097328065.png 6
209815508.png 8
2098725274.png 4
2098730502.png 2
2100732471.png 3
2100913464.png 1
2101025278.png 4
2102020717.png 7
2102823500.png 1
210298267.png 0
2103227716.png 0
2103229154.png 2
2103324262.png 1
2104613052.png 9
2106328028.png 1
2106726543.png 4
2106923214.png 2
210711046.png 1
2107618037.png 8
2108530317.png 1
210915186.png 6
210955907.png 5
2111725214.png 0
2111916012.png 0
21124930.png 5
211266401.png 7
2113318974.png 1
21133978.png 4
211369602.png 0
2114014171.png 2
2114127965.png 2
2114415756.png 0
211469674.png 4
211624746.png 2
2116625952.png 7
2116712363.png 3
2117311323.png 2
211781533.png 3
2118626731.png 2
2119025748.png 5
211911968.png 2
211945655.png 6
212028721.png 5
212108775.png 8
21213678.png 0
2121418301.png 9
212256234.png 3
2123531571.png 0
212391991.png 8
2124032590.png 0
212436164.png 5
2124829368.png 0
2125311641.png 9
212537777.png 1
2126626145.png 4
212719502.png 4
212727813.png 7
2127926364.png 7
2128012533.png 4
2129818942.png 0
2131021729.png 0
213176707.png 0
2132022996.png 7
213227062.png 2
2132416895.png 8
213292687.png 1
2133316003.png 3
213378375.png 7
2133919497.png 0
2134225970.png 1
2134424932.png 1
2134923702.png 5
2135010821.png 0
2135319308.png 5
2136031571.png 1
213726696.png 3
213774098.png 5
213894532.png 1
2139027085.png 0
2139225984.png 4
213993839.png 3
2140510580.png 7
214055501.png 0
214072447.png 4
2142918192.png 1
214317496.png 1
2144412887.png 7
214639432.png 2
2147220427.png 8
2147510140.png 0
2149712475.png 8
2151030310.png 4
215121124.png 1
215124592.png 4
2151922755.png 4
215252741.png 0
2152529351.png 2
2153217940.png 4
2154011846.png 8
2154223360.png 0
2156319442.png 0
2156423037.png 2
2156912360.png 1
215720685.png 0
2157314563.png 8
2157919551.png 2
2158515088.png 8
215881280.png 4
2159532412.png 1
2159532652.png 5
2159616047.png 0
2160412853.png 4
2160727579.png 7
216094696.png 4
216131724.png 4
216134177.png 1
21615312.png 7
2161730078.png 7
2163229730.png 8
2163425227.png 4
216351121.png 4
2163512989.png 6
2163711495.png 7
216401425.png 5
216539074.png 7
2165631244.png 0
2166011437.png 7
2166723686.png 1
216708304.png 1
21672853.png 6
2168328605.png 4
2168525552.png 4
2169419659.png 4
216956035.png 6
2169813375.png 7
2170511453.png 4
21734368.png 2
2173631237.png 7
2174117412.png 0
2175329200.png 0
217617180.png 5
217713221.png 0
2177620092.png 4
217774470.png 0
2177930429.png 2
2178222695.png 1
2181030972.png 6
2181114816.png 8
2183332599.png 7
2183617037.png 0
218368811.png 1
2184420699.png 4
2185130300.png 0
2185929842.png 4
218616617.png 4
2186832338.png 0
2187518361.png 8
2187626200.png 0
2187911485.png 1
218859162.png 0
2188723976.png 6
218912531.png 3
218915994.png 2
2189229356.png 6
2189428383.png 2
2189524590.png 0
218981844.png 8
2190322066.png 3
219043709.png 1
2192410694.png 9
2192417836.png 7
2192614607.png 6
2193023935.png 4
2193024637.png 0
2194018361.png 7
2195220500.png 4
2197719838.png 1
2200132466.png 8
220049170.png 2
2200819112.png 1
2201417220.png 0
220175309.png 8
2203623924.png 7
220363051.png 4
2204025984.png 1
2204228715.png 3
2205114705.png 1
220514987.png 4
220583291.png 8
2205916610.png 8
2206080.png 1
220623524.png 8
220649864.png 3
2206617834.png 2
220755005.png 8
2208010320.png 8
2208010398.png 1
2208326953.png 4
220935531.png 9
22095595.png 2
220999187.png 1
2210218617.png 3
2210619714.png 0
221110059.png 5
2211110605.png 2
221111777.png 8
2211426053.png 6
2212610670.png 0
221312854.png 9
2213815624.png 4
2214119324.png 0
221464991.png 0
2216016493.png 1
221619160.png 4
221651075.png 0
2217828152.png 2
2218018681.png 7
2218232629.png 3
2218628352.png 7
2219914160.png 8
2221232493.png 8
2221928291.png 2
222209941.png 0
2222320957.png 2
2223619604.png 0
2224414765.png 8
22244237.png 0
2225912149.png 3
222746552.png 0
222801314.png 3
2230416923.png 3
2230531774.png 2
2231528610.png 7
2232016229.png 6
2232137.png 4
22323830.png 4
2233310371.png 5
2233915357.png 4
22348760.png 5
223529189.png 5
2236115168.png 4
2237119000.png 0
2237214299.png 5
2237411358.png 0
2238331854.png 0
2238524931.png 0
223855452.png 0
2238926529.png 0
22393882.png 2
223976018.png 0
2240229696.png 0
2240430536.png 9
2241630022.png 3
2242718786.png 0
2242721630.png 3
2242825834.png 8
2243727408.png 5
2244414550.png 8
2244518091.png 8
2244918011.png 5
224509527.png 7
224523704.png 2
2246529973.png 0
224669600.png 8
224736375.png 6
2247617848.png 4
2248619485.png 0
22498233.png 1
2250110960.png 0
225014341.png 8
2250424252.png 5
2250920058.png 2
2252122925.png 6
225213411.png 0
2252316350.png 4
2252815730.png 0
225373847.png 3
2254525748.png 2
2255218789.png 5
2255621436.png 5
22559143.png 0
2257222544.png 8
2257317645.png 0
2257631430.png 4
2257714793.png 1
225886310.png 2
225887923.png 0
2259111710.png 2
2259724225.png 2
225984239.png 7
2259919731.png 1
2260128336.png 8
2261128809.png 7
2261215618.png 5
226124401.png 2
226187068.png 5
2263419056.png 7
2264822848.png 4
2265825204.png 0
2266026983.png 8
22662922.png 6
2266921943.png 1
2267123103.png 2
226934555.png 9
2269422502.png 4
2269532746.png 9
2269622387.png 7
227033256.png 0
227191463.png 1
227214464.png 3
2273230176.png 3
2273321539.png 1
2273510245.png 1
227482578.png 2
227505934.png 2
227523401.png 4
2276014697.png 0
2276329032.png 8
2276619301.png 0
2276931734.png 9
227833020.png 5
2278826867.png 2
2278912913.png 0
227917868.png 4
2279432072.png 2
2280624257.png 5
22812104.png 1
22812788.png 0
228203235.png 0
2282512872.png 6
2282518947.png 1
2282524771.png 4
228287980.png 0
228424492.png 5
228509698.png 0
2285127846.png 3
2286427071.png 2
2287227604.png 8
2287629767.png 1
228923242.png 4
228989962.png 0
2290113848.png 4
2290210246.png 1
229124998.png 7
2291719897.png 2
2292218411.png 8
2293224972.png 8
2293611012.png 2
2293626675.png 0
2295515695.png 1
229610417.png 5
2297430514.png 8
2297711791.png 8
2298116113.png 7
2298118012.png 7
2298120388.png 1
2298211015.png 5
229886140.png 8
2299525445.png 4
2299527348.png 3
2300412197.png 1
2300729400.png 0
230074173.png 9
23008355.png 7
2301327354.png 8
2301411974.png 0
2301424818.png 6
230274608.png 2
2302912279.png 9
230312863.png 0
230339327.png 0
2304427266.png 3
23046204.png 1
2306316890.png 4
230753498.png 8
230774507.png 8
2308726278.png 5
2309616593.png 4
2310429459.png 4
2310623869.png 7
231097056.png 1
231226430.png 0
2313432579.png 8
2313610922.png 4
2314719554.png 4
2314814545.png 4
2315412410.png 2
2315726543.png 1
231611504.png 1
2316927887.png 0
2317381.png 3
2318422694.png 2
2318431186.png 0
231874376.png 9
231874580.png 4
2321410080.png 0
232208914.png 0
232214921.png 7
2322525768.png 1
232331719.png 8
23237090.png 4
232454508.png 7
23251746.png 2
2325620613.png 8
2327111435.png 8
2327519660.png 5
232818497.png 1
232825190.png 3
232929644.png 0
2329359.png 2
2329430554.png 9
232945786.png 4
232946311.png 1
2330124187.png 0
233046182.png 2
2330610330.png 4
2330923585.png 0
233114806.png 2
2331818154.png 0
233208762.png 3
2332213496.png 0
2333616882.png 2
2333624078.png 9
2333821692.png 6
233392380.png 5
2334314253.png 8
2334910344.png 8
2335024654.png 6
2336227690.png 0
2336830341.png 9
233688361.png 0
2337116005.png 0
233818985.png 3
2338327343.png 0
2338529177.png 8
2338618830.png 0
2339022075.png 6
2339727974.png 0
2340023012.png 0
2340625467.png 9
2341227136.png 0
234176148.png 2
2342226321.png 9
2342227109.png 4
234276388.png 0
2343312666.png 0
23435991.png 3
234364.png 4
2343721485.png 1
2343913595.png 0
2343926663.png 6
234442216.png 0
2344724684.png 1
2344729422.png 8
2344925746.png 5
2345323969.png 0
2345817488.png 0
2346321371.png 2
2347411595.png 4
234836884.png 5
23493839.png 9
23499172.png 4
235163248.png 7
2351810226.png 2
235208995.png 2
235223664.png 6
235324865.png 0
23537423.png 4
235452915.png 8
23554650.png 3
2355613228.png 9
235616818.png 3
2356417723.png 8
235719566.png 7
2357516534.png 9
2358520188.png 1
23586940.png 0
235881140.png 0
235923973.png 8
2360414111.png 0
2362123866.png 7
236374498.png 8
2364423948.png 1
236522966.png 0
2366111681.png 5
23663958.png 8
236682501.png 2
2370322075.png 1
2370423620.png 6
237068922.png 6
23709636.png 4
237121912.png 9
2371617975.png 4
2372028280.png 9
2372228438.png 8
2372416378.png 6
23727445.png 8
2373019943.png 0
2373115274.png 7
237418662.png 8
2374721532.png 7
237514307.png 5
2376813635.png 9
2377821621.png 0
237848469.png 1
2379732269.png 7
23801651.png 8
2381226382.png 2
238126756.png 3
2381631756.png 1
23817458.png 3
2382323793.png 0
238242762.png 1
238306266.png 5
2383813001.png 1
238411362.png 8
23843590.png 1
238457.png 6
238521233.png 2
2387022667.png 9
238734316.png 2
2387915707.png 7
238791955.png 6
23879423.png 0
2388422689.png 3
2388516732.png 0
238862426.png 3
2388822419.png 8
238894693.png 8
2389028191.png 8
2389513049.png 1
2390311526.png 8
239062252.png 0
239252017.png 2
2392919610.png 0
239309886.png 0
239333920.png 1
239554430.png 4
239558805.png 2
239575517.png 2
239596831.png 7
2396313791.png 1
2396624408.png 4
2396829038.png 2
2398031941.png 4
239823886.png 5
2398323440.png 7
239861847.png 0
2399321974.png 1
240019815.png 2
240133636.png 0
24019608.png 0
240328336.png 2
2403512105.png 0
240531528.png 1
2405320315.png 1
2405828015.png 7
2406927819.png 1
2407213790.png 2
2410419320.png 9
2410625141.png 0
241181818.png 1
241234.png 4
241277927.png 0
2413430812.png 8
2414230495.png 6
2415615279.png 9
2416526926.png 4
241667811.png 1
2417461.png 0
24178399.png 6
2418131971.png 4
241871017.png 4
2418819571.png 4
2419912570.png 8
2420020974.png 5
2420112552.png 4
2420710637.png 9
2420917419.png 4
2421119357.png 1
2421719769.png 1
2421830892.png 4
242186855.png 8
242287865.png 0
2423617193.png 0
2423921777.png 1
2424418990.png 4
2424613296.png 0
242513877.png 0
242514781.png 2
242534686.png 9
242552851.png 2
242627532.png 1
242698312.png 7
2428224917.png 3
2429513537.png 4
2429612008.png 0
2429725748.png 6
243006541.png 4
2430726243.png 8
2431125760.png 0
24311792.png 2
2431615512.png 0
2431928899.png 8
243193471.png 5
243232080.png 6
2432331836.png 6
2433226038.png 3
2433227266.png 5
243356880.png 4
24335837.png 8
2433612938.png 0
2434430497.png 7
2434710148.png 0
2434914214.png 2
243541407.png 0
2435719542.png 2
2436311549.png 1
2436629439.png 7
243747258.png 0
2437528883.png 3
2437811501.png 4
2437832158.png 1
2438323545.png 2
2438814666.png 2
2440422679.png 2
2440422906.png 2
244134642.png 8
2441618848.png 0
24418686.png 0
2443118334.png 5
244342079.png 1
2443421932.png 2
2445429916.png 4
2445724927.png 9
2446819182.png 4
244687997.png 7
2448129892.png 5
2448217602.png 7
244831800.png 0
2449025152.png 4
24495749.png 1
2449818292.png 4
245057878.png 1
2450626216.png 0
245118847.png 7
24524110.png 4
245315053.png 1
245316024.png 1
24547047.png 0
2455824554.png 0
245611207.png 4
245757273.png 7
2457713097.png 0
24588352.png 2
2459230027.png 1
245967660.png 3
246189085.png 8
2462210059.png 5
2462321258.png 0
246253113.png 0
2463212081.png 0
2463821023.png 6
2464131828.png 0
2465821160.png 1
2465830619.png 1
2466031923.png 7
246643276.png 9
246658830.png 0
246848013.png 8
246863093.png 2
246865484.png 7
2468922141.png 4
2469131494.png 4
24695746.png 4
246967338.png 1
2470814455.png 0
2471932409.png 4
2472017283.png 1
2472513295.png 1
2474714204.png 5
2474717918.png 3
2475830140.png 1
247606333.png 1
2476230396.png 0
2476514266.png 3
2476929260.png 0
2477412666.png 5
2478115555.png 2
247831006.png 5
247937425.png 4
2479529048.png 7
24796987.png 2
2481620702.png 4
2482516670.png 0
2482719828.png 0
248404990.png 3
2484520920.png 5
2484729140.png 4
24856246.png 5
2485719828.png 0
2486216103.png 6
248669270.png 6
2487731210.png 1
248896150.png 0
2489228910.png 0
2489232660.png 2
2489831324.png 7
2490510460.png 0
249108904.png 8
2492415077.png 8
2493122028.png 5
2493725068.png 2
2493925843.png 1
249421005.png 0
2494820062.png 4
2494927285.png 1
249595626.png 4
2497113614.png 2
2497519297.png 2
2499229685.png 1
2499916705.png 2
2500930327.png 9
2503024662.png 7
2503816148.png 1
2504712119.png 4
2505112905.png 7
2505231796.png 8
2505310171.png 0
2505713786.png 2
250601587.png 1
250786176.png 2
2508518738.png 1
250887960.png 1
250972474.png 0
251341911.png 0
2513623753.png 5
2514027073.png 0
251442691.png 8
251526364.png 8
2515921424.png 6
251735301.png 4
2517410677.png 0
2518220088.png 0
2520714524.png 0
2520717532.png 8
2521427536.png 5
2522114037.png 4
2522114691.png 0
252224035.png 0
2522411258.png 4
252246072.png 4
2522813362.png 1
252362755.png 4
2525730817.png 1
252589740.png 2
252616572.png 4
2526931030.png 1
252801781.png 4
252856513.png 0
252923348.png 8
2529917277.png 0
253025293.png 1
2530613209.png 8
25307095.png 2
253123094.png 8
2531332113.png 0
253143576.png 8
2532325635.png 2
2533125138.png 5
253374182.png 0
253435413.png 8
25343747.png 3
2535016857.png 3
253532.png 9
2535626131.png 3
2536113174.png 7
2537426272.png 4
2537431220.png 4
2537721475.png 3
253846308.png 2
25385607.png 4
2538614668.png 8
2539210532.png 4
253925481.png 0
2539817317.png 7
2540723985.png 2
254089335.png 8
25409906.png 4
2541219248.png 8
2541613195.png 8
254256836.png 7
254299104.png 4
254317835.png 0
254411475.png 5
254416575.png 2
2545117609.png 6
2545226851.png 2
2545326011.png 1
2545610317.png 9
2545610442.png 1
254588046.png 0
254605664.png 1
254726405.png 4
2549024495.png 5
2550027025.png 0
25505281.png 1
255097251.png 3
25511518.png 8
255219197.png 8
2552461.png 8
2552625758.png 2
2553311048.png 2
2553326888.png 1
2553427934.png 4
255386033.png 0
2554012501.png 8
255407173.png 5
2554119849.png 0
2554816259.png 0
25555791.png 0
2556212430.png 2
2556526687.png 2
2557020729.png 9
2558429410.png 4
2560626827.png 1
256083435.png 1
25615390.png 1
256285669.png 4
2563126935.png 8
256333662.png 5
2564528394.png 8
2565822701.png 6
2566026621.png 0
2566228932.png 5
256627640.png 3
2566310311.png 8
2566631691.png 4
256696998.png 6
2567222364.png 4
2567317579.png 6
2567630962.png 7
2567712197.png 4
2568027364.png 0
256925540.png 0
2570523138.png 2
25713335.png 4
257195725.png 7
257239405.png 3
257337083.png 4
2573823137.png 9
2574029582.png 0
2575914917.png 3
2576229336.png 1
257623238.png 0
257626772.png 0
2576324917.png 2
257742808.png 3
257788223.png 7
257804309.png 4
257807565.png 0
2578321278.png 0
2578748.png 3
2579523568.png 1
258035207.png 6
25813207.png 0
2582222763.png 4
258232435.png 4
2583510672.png 3
2583921840.png 5
2583925730.png 0
2584027640.png 0
2584631044.png 6
2585013122.png 0
2585516070.png 8
2585922159.png 3
2586018402.png 2
25861973.png 9
2587213648.png 0
258729795.png 1
2587613681.png 2
2588019210.png 8
258893801.png 2
258935014.png 8
259002078.png 1
2590832717.png 4
2591024394.png 2
259123866.png 5
259285676.png 8
259430362.png 6
2594924693.png 3
259553844.png 2
2595613123.png 1
2596228526.png 9
2597428341.png 8
259795000.png 0
259922502.png 0
259943115.png 7
2599920141.png 5
260005266.png 5
2600928063.png 4
2601519919.png 4
260192323.png 4
260210345.png 5
2602214559.png 1
2602620021.png 0
260419913.png 5
260419989.png 0
260431473.png 0
26045623.png 4
260532314.png 0
2606112073.png 0
2606826606.png 7
2607114721.png 7
2607311096.png 3
2607723864.png 4
260781923.png 7
2608011069.png 2
260908991.png 0
2609410790.png 2
2610331757.png 3
2610614789.png 4
2611815580.png 4
2611931735.png 0
2612019195.png 3
2613823217.png 2
2613825257.png 4
2613918773.png 0
261644638.png 8
261668107.png 8
261683459.png 0
2617017479.png 0
2617119947.png 0
2617812871.png 7
2617923941.png 8
2618218737.png 8
261914329.png 8
261931298.png 0
2619512402.png 4
2621022411.png 0
2621714937.png 3
262177339.png 1
2621922963.png 2
2622427011.png 1
2623125820.png 6
262445947.png 2
2625411207.png 4
262549549.png 0
262591887.png 1
2626020129.png 1
262614340.png 8
2626532393.png 1
262699980.png 2
262732858.png 1
2627828909.png 4
2628114227.png 4
2628917476.png 6
2629317391.png 2
2629424061.png 1
2630029662.png 8
2630323455.png 7
263125746.png 0
263147440.png 3
2632015313.png 0
2632731304.png 0
2633216702.png 5
2633419191.png 7
2633816605.png 4
2634813068.png 6
2634826151.png 0
2635430482.png 8
2636116725.png 0
263632439.png 8
26370226.png 4
2637630152.png 5
2637913296.png 6
263799790.png 6
2638124886.png 0
263828497.png 5
263869603.png 3
2639921276.png 1
2639924575.png 0
2640328245.png 7
2642023079.png 1
264317922.png 4
26432126.png 1
2643224313.png 9
2644027206.png 1
26455593.png 1
264618809.png 6
264625289.png 6
2646323229.png 5
26466828.png 6
264688298.png 3
2647722928.png 7
2648417829.png 2
264934796.png 0
2649619906.png 5
2649930183.png 0
265058725.png 7
26520359.png 0
265254470.png 8
2652911090.png 8
2653918815.png 4
265448195.png 9
26555736.png 0
265589000.png 0
2657131961.png 1
265728617.png 4
2657412922.png 8
265832038.png 1
2658616559.png 2
2658628897.png 0
265915647.png 9
2660226890.png 7
266028871.png 0
2661521332.png 5
2662315117.png 6
2662329780.png 2
2662413568.png 0
266262993.png 7
2663011736.png 4
2663216744.png 1
266345487.png 0
2664419859.png 4
2665210810.png 9
2666511974.png 7
2666625996.png 1
2666630069.png 2
2666714734.png 0
266697942.png 4
2667311844.png 3
2668029975.png 3
2668030595.png 4
266921174.png 0
266945620.png 0
2669728001.png 2
2670213919.png 2
2670319152.png 9
267064267.png 3
2672615.png 8
2673730098.png 8
2674532711.png 5
2674628640.png 7
2675714543.png 0
267702247.png 6
2678123650.png 1
267865697.png 4
26788882.png 7
2680021006.png 5
2680132726.png 5
2680211970.png 7
26825817.png 4
2683116915.png 8
268316725.png 1
2683519509.png 0
268376496.png 4
2684029415.png 8
268509509.png 8
268588257.png 4
268606213.png 8
268610406.png 4
2686128099.png 1
26864096.png 2
2686526362.png 1
268814318.png 2
268899440.png 9
268916234.png 1
2689227825.png 5
2689414887.png 4
2689820167.png 1
2690025211.png 1
269013029.png 0
269055713.png 7
269157788.png 5
2692032469.png 0
269265249.png 7
2693127846.png 2
269412920.png 4
2694531438.png 8
2695123287.png 4
269617469.png 4
2696611982.png 0
26967999.png 3
2696813606.png 0
2696928834.png 6
26988476.png 8
26988785.png 8
2700025667.png 0
2700025893.png 6
270011221.png 0
270064633.png 2
2701013519.png 1
270210404.png 0
2702618151.png 8
270269152.png 1
2702923424.png 2
2703124418.png 1
2703124925.png 0
2703220380.png 6
2704012108.png 6
2704127820.png 1
2704421903.png 1
2704623827.png 4
2705416812.png 1
2705712005.png 8
2706317709.png 8
2708322385.png 2
2709528297.png 0
2710810289.png 4
27115663.png 0
271178043.png 4
271195783.png 7
27129444.png 5
2713030462.png 7
2713624663.png 6
271433792.png 9
2715024170.png 8
2715110244.png 1
2715725785.png 8
2716115396.png 4
2716513295.png 3
2716729546.png 2
2718331140.png 0
2718927300.png 4
271929113.png 3
2719619292.png 0
271971743.png 1
2719730009.png 6
2720131844.png 2
272059268.png 8
2720623641.png 4
2720826620.png 0
2722723131.png 2
2723224917.png 1
2723912260.png 8
272461972.png 8
2724814126.png 1
272569153.png 0
2726017722.png 5
272676433.png 5
2727419271.png 2
2727625537.png 0
2728020178.png 0
2729311603.png 9
2731810280.png 0
273216241.png 2
2733522790.png 4
2733813231.png 0
2733816526.png 0
2735626639.png 2
2736424946.png 4
2737828476.png 8
2740726084.png 3
2741210070.png 1
2741410610.png 2
2741931748.png 2
274215110.png 0
274249127.png 4
2742616529.png 3
2742619540.png 5
2744630212.png 6
2744916900.png 5
274510293.png 1
274668558.png 0
2747630768.png 5
274782552.png 1
2747921865.png 2
2748012414.png 0
2748719182.png 8
27487998.png 3
274906242.png 4
2749927954.png 8
274996132.png 7
2750420796.png 1
27515562.png 0
2751815421.png 8
2751912322.png 8
275293839.png 9
2753320168.png 0
275363156.png 4
2753918138.png 7
275467876.png 1
27547975.png 6
275483305.png 8
2755327697.png 8
2756726031.png 0
275713122.png 4
2757418575.png 8
275814149.png 5
2758825120.png 5
275924423.png 0
27597881.png 9
2760227790.png 5
27604989.png 4
2761425150.png 3
2762520264.png 2
2762927511.png 1
2763121995.png 4
2763613189.png 4
2764413462.png 0
276452016.png 1
276467919.png 4
2764814495.png 2
2764818107.png 3
2764927054.png 2
2765012936.png 0
276674773.png 6
2767113438.png 8
276751858.png 5
2768620863.png 8
2768719473.png 6
2770431186.png 6
2770432723.png 3
277125207.png 3
27739614.png 5
2774013155.png 7
2775020267.png 4
2775029655.png 1
277518881.png 5
2776031614.png 0
2776422129.png 1
277678038.png 1
2776825578.png 8
2778722640.png 0
2778915049.png 2
277907311.png 1
277928675.png 8
278088985.png 9
278124154.png 8
278136178.png 3
2783230456.png 0
278332401.png 5
2783430753.png 0
278421751.png 7
278508103.png 4
2785117432.png 6
278522800.png 6
278601647.png 1
2786116992.png 1
27869464.png 3
27871232.png 1
278769970.png 0
2788730799.png 0
2789825959.png 7
279055465.png 2
2791111799.png 2
279288079.png 2
2793323505.png 4
279403771.png 8
2794125319.png 0
279438286.png 8
2794518469.png 4
2795128230.png 4
2796328068.png 0
2796613618.png 7
2797421175.png 8
279751572.png 2
279757745.png 4
279777559.png 4
2799019968.png 7
27992266.png 4
280004560.png 4
280101646.png 8
2801519097.png 7
2803612986.png 4
2804327639.png 1
2804529120.png 0
2805227273.png 8
2806024176.png 4
2806112925.png 0
2808110526.png 1
2808118312.png 0
2808610.png 8
2808713763.png 1
280983388.png 4
2809922441.png 4
281062256.png 4
2810727100.png 2
2810928831.png 2
2811131976.png 4
2811728867.png 1
28119701.png 3
2813024616.png 6
2813625445.png 8
281399055.png 3
281422163.png 5
281496446.png 8
2815428040.png 1
2815712656.png 3
2815915999.png 9
2816115952.png 1
281725495.png 9
281788940.png 4
2819126485.png 4
2819130969.png 5
28196513.png 7
2820332140.png 4
2821825494.png 1
282199705.png 1
2822026855.png 4
2822828839.png 4
2824027011.png 5
282407682.png 6
282424079.png 8
2824315329.png 9
2825411632.png 2
2825611621.png 8
2826321605.png 6
2828213783.png 2
2830232329.png 1
2830821781.png 7
2831229007.png 4
283123423.png 1
2831512495.png 4
283206505.png 0
28322248.png 6
2832317460.png 8
28327414.png 0
28339846.png 4
2834728831.png 4
2835529502.png 8
2835532092.png 3
2835820369.png 7
2836018104.png 0
28362464.png 3
283656830.png 2
2837026784.png 4
2837511403.png 4
2838518903.png 7
2838827808.png 7
2840612739.png 3
2841124088.png 1
284113474.png 5
284129073.png 5
28413045.png 8
2841814648.png 1
284185126.png 6
2841926868.png 6
2842322826.png 0
2844510540.png 4
2845516209.png 3
2846625400.png 6
284727114.png 2
2847830165.png 8
284811433.png 2
28484219.png 1
2848525662.png 8
284924193.png 2
2849327029.png 4
2850216526.png 4
285054131.png 6
285131578.png 0
2851410719.png 4
285278585.png 0
2853018584.png 0
2853030126.png 7
2853619865.png 4
2853914818.png 4
2853915932.png 4
285401514.png 4
2854824460.png 0
285524110.png 8
2855525066.png 0
2856812369.png 8
2856923464.png 0
28573658.png 3
2857413752.png 4
2857611121.png 8
285768465.png 9
285768873.png 1
285794636.png 1
2858929020.png 3
2859416411.png 5
285978947.png 6
2859813422.png 0
2860430236.png 8
2860617070.png 1
2860630985.png 2
2860825219.png 7
286092468.png 4
286116342.png 3
2861628220.png 1
2862113130.png 7
286219481.png 4
286282756.png 0
2864122377.png 0
28649947.png 4
286531983.png 3
286817526.png 5
2868226118.png 0
2869113688.png 2
286983372.png 6
287012927.png 2
2870314972.png 2
2870525173.png 0
287065344.png 0
2871115257.png 2
287182153.png 5
28719581.png 2
2872119518.png 4
2872617740.png 0
2872924997.png 9
287351900.png 2
287412439.png 5
2874613281.png 8
2874618109.png 0
2875222067.png 7
2875416100.png 1
2876824535.png 2
287783048.png 9
2878322348.png 2
287888324.png 2
28801298.png 0
288023705.png 4
288027774.png 1
288114330.png 7
2882711233.png 1
2882814175.png 2
2884429698.png 4
2884516931.png 7
2885024986.png 0
288514807.png 8
2885316897.png 4
288539463.png 0
2886632747.png 0
2887326085.png 0
288764603.png 2
288806077.png 7
2888412051.png 0
2888610262.png 3
288894359.png 0
288909381.png 4
2889131866.png 4
2889324409.png 7
28893435.png 7
2890729738.png 7
2890822080.png 3
289139357.png 7
2892423662.png 2
2892626675.png 4
289277716.png 4
2892915860.png 7
2893512126.png 4
289384409.png 4
28938495.png 5
2894030901.png 0
2894117093.png 1
2894228921.png 4
2894810811.png 9
2895815384.png 4
289584785.png 1
289585867.png 1
2896119601.png 8
289855629.png 5
2898825284.png 0
2899024038.png 4
2899218493.png 8
289939050.png 2
289974918.png 8
2900914410.png 2
2901032456.png 3
290122872.png 7
2901229357.png 7
2901923482.png 0
2902925366.png 5
2903122747.png 4
2903811624.png 5
29038856.png 5
2903922717.png 1
290427038.png 8
290469792.png 0
290487570.png 3
290534166.png 6
2905532190.png 1
290579825.png 0
2905820180.png 8
2906212792.png 4
290637507.png 0
290677407.png 8
2907029738.png 3
290917099.png 9
2909627287.png 9
2910021.png 2
2910231707.png 8
2911411577.png 4
2911618094.png 8
2912127854.png 1
2912421230.png 1
291247064.png 7
2912819383.png 8
2913017989.png 0
2914431130.png 1
2914620010.png 7
2915110173.png 6
2916631006.png 8
291667183.png 5
2916829832.png 1
2917411227.png 3
291745252.png 7
291746644.png 0
2918689.png 4
2919723676.png 1
2919931326.png 2
2920620699.png 3
292099418.png 4
2921629070.png 8
292174892.png 0
292211937.png 4
2922620358.png 0
2922916735.png 1
2923114951.png 2
2923319393.png 2
2924315837.png 1
292589195.png 2
292613646.png 5
29262682.png 5
2926326701.png 1
2926410349.png 2
2927726969.png 1
2928531740.png 4
2928813063.png 6
2928823781.png 0
2929220006.png 1
2930418327.png 4
2931622522.png 2
2932725760.png 9
2934721088.png 4
293483297.png 0
2935016897.png 6
293736402.png 6
293751052.png 6
2938513188.png 6
293937903.png 2
2939623645.png 4
294025628.png 6
2941029086.png 6
2941118810.png 0
29416702.png 6
294186025.png 0
294204393.png 1
294224396.png 0
294284405.png 1
2943323683.png 3
294373016.png 0
294408938.png 4
2944531291.png 4
2944932247.png 0
294494701.png 5
294528489.png 1
2945512003.png 7
294653061.png 7
2947225269.png 0
294757858.png 1
2948030072.png 2
2949816817.png 1
2950011771.png 7
295018188.png 8
295024661.png 0
295064194.png 6
295072823.png 3
2952017810.png 7
295275836.png 8
2953018664.png 9
2953024204.png 4
2953315058.png 7
2953713211.png 7
2954318834.png 3
295443150.png 5
295511728.png 7
2955425600.png 3
295561304.png 4
2956812342.png 0
295689199.png 1
2957212016.png 0
2957530833.png 1
2957813376.png 4
2958730801.png 6
2958819334.png 1
29591247.png 0
29599264.png 4
2960628363.png 8
296098360.png 4
2961714773.png 4
29617206.png 3
2962032293.png 8
2962119393.png 1
2962223437.png 1
296223743.png 0
2962715052.png 0
296282195.png 6
2963515139.png 1
2963629896.png 4
296364724.png 2
2963924866.png 1
2964517106.png 3
2965011691.png 0
2965131525.png 7
296548747.png 0
2965615546.png 3
296606682.png 0
2966729348.png 3
296709326.png 2
2967330114.png 8
296829446.png 8
2969517445.png 2
296999052.png 6
297023753.png 3
2970320352.png 8
297163929.png 1
2971829288.png 2
2971926342.png 8
2972515301.png 1
29726381.png 5
2973025751.png 8
297309125.png 0
2973216349.png 4
2973927217.png 0
297421554.png 4
2974327738.png 8
29745610.png 1
2974811853.png 6
2976911125.png 9
2977510676.png 9
2977517415.png 1
2977628445.png 5
297801019.png 4
297819243.png 1
298032236.png 4
298172482.png 5
2982326564.png 9
2983211854.png 3
2983213843.png 5
2984796.png 2
298562841.png 6
2986313176.png 5
2986523702.png 0
2986913625.png 2
2987313290.png 0
298749415.png 0
2987724311.png 0
2988414861.png 0
2988720035.png 7
298906209.png 3
2989123216.png 1
2990017666.png 5
299033542.png 6
2990413916.png 3
2991530269.png 6
299171339.png 0
2993115500.png 4
2995410167.png 2
2996215518.png 2
2996618336.png 5
299669419.png 2
2997324512.png 9
29978415.png 4
299809415.png 0
2998823589.png 4
299922273.png 4
2999227099.png 1
300057517.png 5
30014043.png 4
3002511957.png 5
3002831048.png 3
3002912332.png 1
300304443.png 4
3003724236.png 2
300423903.png 4
3006423911.png 4
3006815407.png 0
3006820195.png 0
3007512665.png 1
3007616328.png 0
3008620591.png 9
3008911479.png 4
300944150.png 2
3010232569.png 4
3011329453.png 3
3011329454.png 0
301187635.png 8
3012216664.png 1
301393938.png 5
301454477.png 0
3014932675.png 4
3015028038.png 1
3015312967.png 9
3017028004.png 4
3017317747.png 6
3017828576.png 6
301829545.png 4
3018325572.png 4
3019032666.png 0
301945623.png 7
3019523438.png 6
3019811286.png 0
302052778.png 2
3020810410.png 0
3020811788.png 6
30218343.png 4
302238421.png 8
30232907.png 6
3024312285.png 0
302439683.png 1
302543803.png 8
30258991.png 1
302610523.png 7
302728039.png 0
302848900.png 0
3028924331.png 7
3029128029.png 9
3030414475.png 4
3030425787.png 4
3032512562.png 8
3032623748.png 6
3032629505.png 0
303264479.png 0
3033230353.png 5
3035528027.png 7
3035612307.png 0
3036529050.png 5
3036927880.png 8
303758790.png 4
3039515749.png 3
3041112531.png 6
3041518060.png 0
304222252.png 0
30433288.png 0
3043410481.png 2
3045732633.png 1
3045912692.png 2
3046221959.png 2
3048028385.png 1
3048313180.png 8
304881908.png 4
3049010286.png 4
3049030733.png 4
304921358.png 5
3049313626.png 1
3049725047.png 2
3049814053.png 0
305112393.png 5
3052220217.png 3
305227629.png 4
305235937.png 1
3053421398.png 4
305371968.png 9
3055431316.png 6
305555599.png 4
305724622.png 4
3057715205.png 4
3058123502.png 4
3059219327.png 9
3059414423.png 8
30595294.png 5
306015733.png 4
30602611.png 1
306158215.png 0
306212197.png 4
3062914352.png 3
3063897.png 3
3064727261.png 6
306512750.png 7
3065814870.png 3
3065917967.png 4
306602856.png 2
306712942.png 8
306809683.png 2
3070312695.png 8
3070492.png 7
3070717517.png 3
3072518595.png 1
3072726823.png 1
307308464.png 5
3073414513.png 7
3074320179.png 7
30747636.png 1
3074810562.png 7
3075022031.png 2
307515770.png 6
30757874.png 0
3075926037.png 7
307643.png 9
307716311.png 0
307729562.png 8
30778972.png 5
307812042.png 0
3078721764.png 7
307937587.png 1
30809627.png 4
308107260.png 3
3081121686.png 9
308356127.png 6
3083610891.png 0
3084214651.png 0
3085918476.png 4
3086313328.png 8
3086715176.png 1
3086921337.png 0
3087513838.png 3
3087714878.png 4
3087721672.png 8
30884934.png 8
3088631610.png 4
3089328606.png 1
3089921161.png 0
3091617377.png 2
3092711027.png 0
309275726.png 1
3094027491.png 3
309442667.png 1
3094428483.png 2
3095727056.png 5
309649103.png 9
3097325738.png 9
3097610782.png 2
3097816257.png 1
3098121731.png 5
309872884.png 2
309929118.png 7
3101025975.png 5
31012184.png 0
3101229203.png 5
3102023142.png 2
3102031933.png 0
3102915445.png 5
310329424.png 4
3103918432.png 3
31042225.png 0
3104320806.png 8
3105215432.png 8
3105323184.png 3
3105725853.png 3
3105727852.png 8
31058884.png 6
3106127380.png 3
310837371.png 1
3108421515.png 7
310963382.png 4
3109825461.png 5
3111319444.png 7
311223237.png 3
3112488.png 7
31125307.png 5
311263428.png 5
311292564.png 0
3113524669.png 6
3113531717.png 0
311454955.png 3
311497389.png 4
3115132335.png 0
3115222888.png 6
3115312534.png 1
3115330407.png 0
3117317194.png 7
311761113.png 8
3117917777.png 4
311823823.png 0
3118317341.png 4
311901452.png 0
3119316052.png 2
311943119.png 7
3119916244.png 1
3120320139.png 1
3120327708.png 5
312071743.png 1
3121220417.png 1
3121618791.png 0
3121812709.png 4
312229980.png 0
312312496.png 0
312312924.png 8
312316629.png 4
31233635.png 2
3123512609.png 4
3124317059.png 7
3124420099.png 1
312477002.png 0
3124916960.png 2
3124917041.png 4
3125824006.png 9
3126628055.png 3
3126713984.png 2
3127615765.png 1
3127813243.png 8
312825924.png 2
3128320771.png 8
3128613176.png 2
31293884.png 0
3129728898.png 2
3130219424.png 0
3130224815.png 8
3131823000.png 2
3131911314.png 4
3132112975.png 0
3133716742.png 5
313405115.png 2
313442439.png 6
313448947.png 7
3135011058.png 6
313674541.png 3
31369905.png 2
3137926300.png 1
3137930061.png 8
3138817345.png 1
3138822166.png 2
313895232.png 0
3139820832.png 4
3140318741.png 6
3140518790.png 0
314064491.png 2
3141030831.png 1
3141430121.png 7
3141517766.png 4
3142031540.png 7
31426720.png 0
3142721630.png 2
3142919382.png 1
3143724855.png 4
3145623710.png 1
3146224462.png 4
3146906.png 4
3147422639.png 0
314777450.png 0
3148519502.png 2
314856545.png 2
3149181.png 2
3150011892.png 4
3150113920.png 7
3150528840.png 3
3153132301.png 0
315314943.png 3
3154311455.png 7
3155230875.png 1
315724235.png 6
315728049.png 0
3157410341.png 0
3157924586.png 4
3158029847.png 2
3158729896.png 1
3158919205.png 8
315969194.png 0
3162015087.png 1
3162110181.png 0
3162430359.png 8
3162617066.png 4
316276118.png 1
316312713.png 1
3163713441.png 8
3163824946.png 1
3163824975.png 5
3163912137.png 4
316423619.png 1
3165230137.png 0
3165231056.png 6
3166014109.png 0
3166121801.png 7
316614068.png 9
3166316312.png 4
3167119170.png 1
3167327384.png 8
316747142.png 6
3167526247.png 3
3167614491.png 4
3169813924.png 8
3169830113.png 2
3170416082.png 0
3171225657.png 7
3172721366.png 3
317284891.png 3
3173830654.png 2
317404634.png 3
3174323393.png 4
3175323255.png 5
31761901.png 4
317774758.png 8
3177820631.png 8
317873537.png 4
3179919700.png 7
31802190.png 8
318023923.png 0
3180314887.png 4
3180627891.png 0
3181230701.png 6
31812888.png 2
3182126038.png 2
318213139.png 2
3183214968.png 8
318331539.png 9
3183615060.png 2
3184331852.png 3
3186314386.png 5
3187021491.png 7
318846175.png 2
319154724.png 9
319176901.png 4
319223814.png 4
319224929.png 0
3192818480.png 6
3193020015.png 0
3193421841.png 8
3194431617.png 0
3194712102.png 6
3194915429.png 7
3194921195.png 1
3195110830.png 4
3195322919.png 8
3195629082.png 3
3196719148.png 3
319787983.png 0
3198122189.png 1
3198214319.png 7
3200416871.png 0
3200532760.png 0
3200711732.png 0
3201112689.png 1
32015148.png 3
320173564.png 0
320235129.png 4
3202915732.png 2
3203429860.png 8
3205925070.png 0
3206217478.png 0
3207325534.png 7
3208020374.png 0
320824052.png 9
320877489.png 5
3209018570.png 9
3210422449.png 1
3210714446.png 5
3211119378.png 9
3211627920.png 7
321309506.png 6
321321905.png 5
3213523668.png 2
3214216130.png 1
3214416420.png 8
321448378.png 8
321451587.png 0
3214818105.png 5
3215815932.png 0
3216018714.png 6
3216618061.png 4
3217110324.png 5
3217115700.png 0
3217221172.png 2
3217222154.png 8
3217513394.png 7
321799568.png 8
3218116675.png 6
3218119148.png 1
321902482.png 5
3219125361.png 2
321928680.png 0
321987206.png 2
3221013439.png 1
3221521145.png 4
322187455.png 0
3222016855.png 7
322234136.png 2
3222413249.png 4
3222420980.png 8
3223015214.png 1
322338030.png 8
322356227.png 0
3223825992.png 2
3225313890.png 0
3225520062.png 8
3225920848.png 5
3226120847.png 6
3226320840.png 1
322662730.png 7
32274568.png 3
3227916268.png 0
322806740.png 1
32286401.png 4
322966293.png 7
3230324272.png 8
3231016506.png 1
323117785.png 5
3231331398.png 2
3231913492.png 3
323271185.png 4
3232916716.png 4
3233223825.png 7
3235122286.png 8
3235228172.png 6
323528123.png 1
3235528124.png 1
3235726160.png 3
323645627.png 3
3236522606.png 2
3237131852.png 4
3237322899.png 0
323749901.png 0
323792766.png 4
323919604.png 2
3239313104.png 1
3240026167.png 3
3240226435.png 4
324137360.png 0
3241922301.png 8
3242721361.png 0
3243718563.png 5
3243726188.png 0
3243730039.png 6
3243812096.png 2
3244320432.png 1
324448129.png 4
3246710555.png 4
3247216912.png 0
324815747.png 0
3248315799.png 1
3248624754.png 3
3248627110.png 2
324964878.png 4
3249718762.png 4
325025519.png 8
325041373.png 5
325104785.png 1
325107239.png 0
3251431470.png 8
325202746.png 7
325217392.png 4
3252327097.png 4
325291892.png 9
3252921679.png 0
325324497.png 7
325328698.png 9
3254814955.png 1
3255417342.png 2
3255513977.png 4
3256222677.png 2
325633996.png 5
325662967.png 8
325723629.png 4
3257426832.png 5
325805719.png 4
3258519767.png 5
3259119404.png 1
3259719431.png 8
3259918246.png 4
3259928053.png 4
326018846.png 5
326022908.png 5
3261329312.png 8
3262024274.png 2
3262928393.png 0
326297749.png 1
3263017361.png 7
3263226670.png 0
3264711533.png 4
3264910297.png 0
326526861.png 0
326602613.png 8
3266321882.png 6
3266722282.png 1
3266727624.png 2
326711535.png 3
3267411470.png 0
326849983.png 0
326892891.png 8
3269125274.png 9
3269526622.png 1
3270310618.png 0
32717520.png 8
3273119177.png 0
3273230380.png 4
3273311617.png 8
3273522323.png 6
32740813.png 2
3274319310.png 9
3274329432.png 0
3274515697.png 6
327508508.png 5
327516381.png 7
32763307.png 0
327651108.png 1
32895917.png 2
329425358.png 0
330112201.png 4
33088574.png 0
331612264.png 0
33203502.png 1
334218257.png 0
334510089.png 0
334616796.png 2
3347912.png 4
3357214.png 0
336030260.png 8
33619441.png 0
33867681.png 2
338920339.png 4
338922541.png 8
33916573.png 0
339323754.png 0
339527630.png 2
339529348.png 7
339721586.png 1
340217383.png 7
34110425.png 4
342421340.png 1
342624803.png 1
34352570.png 6
343625109.png 9
344716453.png 2
344723845.png 0
344921288.png 4
345313473.png 6
34708229.png 8
347112700.png 1
34815354.png 5
349010899.png 0
349210121.png 4
34933676.png 7
349418635.png 0
3495573.png 3
350427594.png 2
351117408.png 0
352029104.png 7
35246678.png 2
353027042.png 0
35342320.png 9
353727957.png 8
35469168.png 1
355726632.png 3
35627120.png 0
356531205.png 5
35726626.png 2
357817889.png 4
357827486.png 4
358111759.png 0
358227327.png 8
359117662.png 1
359514265.png 3
359716744.png 2
361524244.png 4
3621055.png 0
362727578.png 5
36286967.png 7
36351264.png 2
36394188.png 4
364622155.png 7
36654517.png 6
366916954.png 0
367110677.png 5
36721341.png 9
367828483.png 4
36802437.png 5
36831724.png 2
368324360.png 2
369229417.png 1
369522707.png 2
3704823.png 0
370528230.png 2
3718467.png 0
372130204.png 0
372827356.png 0
3729338.png 2
373019850.png 4
373715245.png 0
3744807.png 3
37542327.png 2
375512460.png 3
376325333.png 5
377314846.png 8
377725254.png 1
378520950.png 0
378731771.png 8
37874072.png 1
37969401.png 2
37997317.png 7
38014966.png 6
38020055.png 8
380619110.png 1
380712162.png 1
380826468.png 1
38116845.png 1
381628542.png 0
381714991.png 8
382711671.png 0
384029300.png 3
384032181.png 3
38413654.png 5
385119108.png 0
385524375.png 0
386620766.png 1
386722633.png 4
387317109.png 7
387821673.png 2
38813783.png 1
3883784.png 0
3895409.png 2
39017351.png 1
39061885.png 1
39082104.png 1
391110126.png 0
39214128.png 4
393527340.png 1
393722919.png 8
39536821.png 0
39592157.png 8
39635260.png 0
397312891.png 4
39782599.png 0
39824462.png 3
398717225.png 0
399113244.png 3
39929856.png 3
399317457.png 1
399921487.png 2
402622474.png 0
40311536.png 7
404822490.png 4
40562822.png 1
40578978.png 7
405910905.png 5
406029517.png 8
406712473.png 4
406722631.png 8
40768767.png 1
407716743.png 8
40869686.png 2
408811378.png 0
409329787.png 3
410126281.png 1
41028083.png 6
410527918.png 1
410798.png 4
411011586.png 0
41115979.png 3
411328551.png 3
4118158.png 4
411824253.png 1
41274205.png 2
413114995.png 8
413512390.png 4
41353376.png 8
413631511.png 9
413829468.png 0
413910127.png 2
4139739.png 1
414111059.png 6
414112506.png 4
41437188.png 3
415117485.png 0
415429797.png 4
415520379.png 7
41648160.png 1
41713366.png 1
418013752.png 4
419216372.png 0
420223405.png 2
42056584.png 5
421517824.png 5
42196611.png 3
422110427.png 0
422628536.png 0
42268882.png 0
423927571.png 0
42431193.png 1
42513145.png 0
425213391.png 6
425330937.png 2
425815919.png 7
427013508.png 4
427512040.png 4
42772277.png 6
427830024.png 4
428132633.png 2
428627812.png 8
429429741.png 4
430316255.png 3
431526332.png 4
432724589.png 1
43305802.png 6
43397403.png 3
436110454.png 1
437023461.png 4
43702373.png 1
43723468.png 2
437824572.png 1
43928601.png 8
439519392.png 8
439519529.png 8
44086502.png 0
441017587.png 0
441132.png 8
44194129.png 4
443021182.png 7
443028905.png 0
44359927.png 2
44379419.png 4
44416746.png 3
44516646.png 0
44526306.png 1
446323074.png 4
446715465.png 7
446719234.png 7
447011858.png 8
447321388.png 2
447412790.png 6
448018144.png 5
448788.png 9
44906987.png 2
449823522.png 8
450131074.png 4
451230558.png 0
45261984.png 0
453918367.png 3
454412843.png 9
454918273.png 4
455292.png 0
455529632.png 0
455920553.png 5
4571665.png 1
458619782.png 4
458630322.png 9
459619097.png 8
46010675.png 0
460911348.png 0
46124028.png 5
46128021.png 4
4618674.png 2
462231170.png 1
463412435.png 0
46348141.png 6
465611065.png 0
467115258.png 4
467224784.png 0
467419863.png 0
46758609.png 8
46899551.png 8
469030322.png 7
46926769.png 5
470029587.png 7
470121351.png 5
47042156.png 4
470918244.png 6
472016995.png 5
472617121.png 1
472812809.png 8
473219905.png 4
474024683.png 8
474622776.png 3
474632116.png 0
475514716.png 1
475911919.png 7
477322984.png 7
4776292.png 4
477717613.png 5
47814755.png 2
478524841.png 1
478611770.png 0
478731119.png 0
479930284.png 2
48024614.png 1
480531716.png 3
4813648.png 0
481822704.png 4
48219081.png 0
483231874.png 5
48419392.png 0
484316784.png 7
485313109.png 2
485319318.png 2
485717981.png 8
48582718.png 5
48606064.png 4
4872597.png 4
487410701.png 4
488726680.png 0
489714455.png 4
489817502.png 4
489821173.png 0
491227616.png 0
49197620.png 0
492032748.png 0
49227801.png 1
493115228.png 5
493515749.png 5
494210283.png 2
49427916.png 0
494524835.png 3
49483454.png 0
49491389.png 2
495016196.png 7
495823757.png 1
496014577.png 8
496818193.png 0
497020090.png 8
497214443.png 0
49758476.png 1
49758497.png 2
497912826.png 4
49795321.png 5
498224775.png 2
498310131.png 0
499322511.png 8
5003723.png 7
501517120.png 4
502524436.png 3
502619525.png 0
503330563.png 6
503527980.png 4
50392188.png 7
50415621.png 4
50439784.png 8
505511533.png 6
50622299.png 5
509321256.png 4
510617459.png 8
51107241.png 0
511411255.png 2
51153652.png 4
512227292.png 3
512713528.png 0
513914356.png 4
515110774.png 0
515115422.png 0
515315870.png 1
515425025.png 2
5156103.png 1
515719251.png 4
516010884.png 0
51662480.png 1
516925907.png 3
517331668.png 9
51767039.png 9
518621994.png 7
51874329.png 1
518820874.png 3
51916218.png 8
520429746.png 3
520531820.png 5
523523197.png 3
52429763.png 8
524320125.png 9
524330130.png 8
524717668.png 2
52483491.png 8
52526527.png 8
52625489.png 2
526526021.png 0
526530785.png 4
527019632.png 0
527217328.png 4
527648.png 1
528215336.png 4
528513626.png 0
529222738.png 5
529714506.png 4
53004404.png 8
5306239.png 4
531226846.png 7
531918185.png 0
532125183.png 7
532230787.png 0
53229657.png 0
532432259.png 1
532921084.png 0
53418141.png 6
534414291.png 1
536132295.png 2
536223556.png 6
536332060.png 1
538724665.png 4
539123654.png 1
539228096.png 2
53961535.png 1
540530099.png 0
5413433.png 2
542017335.png 0
54210688.png 8
54228633.png 5
542327220.png 7
542495.png 0
543217464.png 5
54338458.png 3
543414197.png 8
544422493.png 3
544619012.png 4
544625593.png 0
545311509.png 4
546430419.png 1
547210507.png 0
54786521.png 1
548119129.png 2
548814880.png 7
550529137.png 9
550824425.png 3
553513765.png 4
55406418.png 4
555011641.png 0
555125732.png 0
555916170.png 5
555926300.png 9
55613657.png 1
557013945.png 1
55789778.png 1
558218851.png 9
55829914.png 8
560029348.png 0
560629059.png 4
560631075.png 2
560830909.png 0
56125480.png 8
561315843.png 1
562862.png 0
5631075.png 2
564012366.png 4
564217308.png 4
56466082.png 1
56527220.png 3
565617408.png 4
565717.png 5
566021809.png 0
56623.png 2
566615419.png 6
567513396.png 8
569432647.png 8
569521753.png 6
56983651.png 1
57023540.png 0
570725248.png 6
57085166.png 1
57116853.png 0
571521376.png 3
57226774.png 4
572931163.png 3
573415142.png 0
573819822.png 0
574532237.png 0
574620549.png 1
576111646.png 5
577922157.png 8
578027711.png 9
578122748.png 0
578529074.png 0
57946536.png 7
57971924.png 2
5803413.png 3
580611828.png 4
581822468.png 4
582913437.png 0
58296922.png 6
583511505.png 6
58418574.png 3
584714252.png 3
58518558.png 0
585917012.png 3
586029352.png 0
58626237.png 1
586727735.png 8
587329304.png 4
588532112.png 1
59124272.png 4
59136110.png 6
591419921.png 6
591626712.png 1
592028357.png 1
592031748.png 2
59302835.png 7
59346059.png 4
593513195.png 0
594815743.png 8
595324163.png 0
596016943.png 5
596814274.png 8
59714877.png 3
599110127.png 1
599228207.png 6
600523348.png 7
60057918.png 2
600632634.png 7
6009164.png 1
600926329.png 0
601322448.png 0
601514049.png 4
602121979.png 1
60249783.png 3
6029566.png 7
603218797.png 8
603522803.png 7
604731991.png 1
604822173.png 4
604930308.png 1
605623119.png 8
605626090.png 0
605711965.png 4
606316630.png 4
606423191.png 7
607514642.png 2
60758956.png 4
6078520.png 2
608525001.png 5
61111233.png 5
61196824.png 4
6120713.png 4
612326357.png 0
61272104.png 0
613827409.png 2
61421149.png 4
615519679.png 1
615519883.png 8
61559024.png 9
61561032.png 7
616323022.png 0
616835.png 3
617731814.png 1
617920934.png 8
618014079.png 2
61806281.png 1
61823738.png 8
618318932.png 9
61851847.png 0
619729774.png 7
62012885.png 7
62019311.png 4
620425318.png 7
621017830.png 2
621028675.png 4
621131477.png 6
622510171.png 2
62258614.png 2
623113453.png 6
623229233.png 5
623315080.png 6
62406133.png 2
62408041.png 0
624118919.png 8
624314747.png 9
624516743.png 8
625315521.png 1
6253353.png 1
625521071.png 7
62567574.png 7
625730964.png 1
625917944.png 3
626729200.png 8
627124632.png 2
62733281.png 4
628332389.png 7
628426252.png 0
6292710.png 5
6293700.png 0
629619736.png 4
63017361.png 2
631430965.png 8
63144513.png 4
633125494.png 4
633321514.png 1
63346764.png 0
63409211.png 4
634924130.png 0
635219961.png 6
636423178.png 1
636819699.png 3
63739527.png 0
637821358.png 1
638621901.png 0
639431325.png 7
639711441.png 0
64029308.png 0
64042321.png 4
641322781.png 4
6415530.png 1
642121770.png 4
643529745.png 5
643816206.png 0
64439208.png 4
644622388.png 2
645020876.png 8
646226391.png 3
64638215.png 0
647119808.png 1
647231529.png 2
647311944.png 2
648918559.png 8
65093811.png 0
65176621.png 4
65186785.png 7
65225150.png 1
65232712.png 9
652711353.png 9
653918404.png 8
655511953.png 8
655722600.png 0
655922428.png 0
656613288.png 6
65713372.png 0
6583918.png 4
659011975.png 3
65939425.png 7
659418372.png 7
6601220.png 5
660423309.png 5
661110036.png 3
661427882.png 1
66219873.png 1
662424740.png 3
662431546.png 4
66251827.png 1
662523910.png 0
662828203.png 7
66284768.png 0
663120771.png 0
663211292.png 5
663930316.png 0
6639671.png 4
664116433.png 4
6648060.png 0
66547602.png 4
66607490.png 0
667021379.png 9
667225861.png 2
667617297.png 0
66778035.png 2
668027535.png 3
669024664.png 4
66964775.png 2
670516087.png 4
67066606.png 5
671917946.png 3
6720558.png 4
672527690.png 0
67271119.png 1
672926335.png 4
67309990.png 8
673125978.png 8
673321295.png 2
67334562.png 2
67392399.png 9
674221720.png 8
67498038.png 2
67515589.png 8
675222515.png 0
67596025.png 0
67675808.png 1
67678823.png 7
679526354.png 8
679724213.png 5
679927026.png 3
68010365.png 9
680322600.png 1
680412034.png 7
68067758.png 1
680722764.png 2
68105713.png 2
682016438.png 1
68212417.png 5
682413836.png 3
682624563.png 0
683414973.png 6
68477780.png 1
6848097.png 0
685721173.png 6
686628847.png 0
686923321.png 8
688119484.png 2
68866775.png 4
689019607.png 6
689217720.png 0
689323513.png 6
690127898.png 8
69031699.png 0
690621466.png 1
690828163.png 8
691018603.png 2
691625676.png 2
69344721.png 1
694111922.png 4
694521715.png 2
6948880.png 5
695517306.png 6
695529371.png 4
696010211.png 5
69622488.png 1
69728522.png 4
697823313.png 1
697825374.png 2
70013964.png 0
70022199.png 5
701027722.png 0
701119460.png 5
702111310.png 4
70212092.png 1
702725478.png 0
702926286.png 7
70448793.png 0
705812292.png 4
70716597.png 0
70736448.png 2
70738257.png 0
708224665.png 8
70827416.png 4
708712778.png 0
709032143.png 2
710122674.png 4
71029923.png 8
710927224.png 0
712323632.png 3
712814150.png 0
713019354.png 0
713425569.png 1
71353993.png 0
71358930.png 0
713613354.png 7
713717.png 4
714024141.png 7
714027900.png 6
71511422.png 4
716310753.png 0
717913838.png 8
718414737.png 7
71902158.png 2
7195659.png 4
720411378.png 4
720754.png 0
720927600.png 8
721618772.png 9
722416511.png 7
722429695.png 0
722514807.png 9
723715975.png 5
723914262.png 8
72396157.png 4
72423958.png 6
724321459.png 7
724524456.png 1
724829964.png 2
72523440.png 1
7255876.png 0
725729704.png 0
726324684.png 5
727125.png 6
728213631.png 0
729616119.png 2
730018452.png 4
730310785.png 0
731425805.png 0
731431838.png 4
732826826.png 6
732926740.png 4
733030709.png 1
733117714.png 8
733125763.png 6
73424472.png 7
73426005.png 0
736010602.png 2
736130370.png 3
736620187.png 0
736823181.png 4
737110080.png 2
73732373.png 7
737425620.png 2
737831621.png 8
73914758.png 0
739517700.png 7
74001770.png 0
740225705.png 5
7404901.png 8
741412985.png 7
741528660.png 6
744425482.png 0
745023464.png 5
74512589.png 3
74521561.png 2
745617996.png 3
74701496.png 0
747112527.png 7
74724143.png 6
747714283.png 3
74942880.png 2
750126897.png 4
75047024.png 3
750925348.png 4
752424804.png 2
75312132.png 6
753216809.png 1
753831146.png 0
75483521.png 2
755025100.png 4
755028105.png 2
756429100.png 1
756719424.png 0
75727257.png 5
75730381.png 0
758725993.png 1
7589323.png 1
7608520.png 0
761030760.png 6
761516279.png 0
762628257.png 0
76325854.png 8
764118958.png 0
76528995.png 7
76589571.png 8
766613793.png 8
76669839.png 5
76675283.png 9
767617876.png 2
768424366.png 2
768822513.png 2
769025400.png 0
76974972.png 0
77039748.png 8
770626592.png 9
772430982.png 0
773214705.png 7
774129374.png 4
774330687.png 4
774731543.png 6
775223140.png 1
776214997.png 4
776822155.png 4
776917080.png 4
778723529.png 2
77988538.png 8
779929021.png 7
780719842.png 1
780731936.png 1
781121589.png 8
781414593.png 1
7829310.png 3
78296199.png 8
78298330.png 9
78335223.png 7
78413881.png 7
78513784.png 5
785421246.png 7
785831308.png 4
786121050.png 5
786231221.png 1
786427669.png 4
786712720.png 1
786916146.png 4
78731048.png 7
787429187.png 8
788125814.png 0
78819989.png 1
78827589.png 3
790324692.png 4
792828505.png 0
792915372.png 4
7934200.png 1
79344923.png 6
794030240.png 1
794314240.png 0
795631354.png 1
798710488.png 8
798822108.png 6
799224471.png 0
79999690.png 1
800719553.png 4
802119984.png 4
802315497.png 9
802714381.png 2
80289449.png 3
804527862.png 1
80512854.png 5
806012091.png 6
806013553.png 1
8065352.png 5
80659992.png 8
807029220.png 1
80717165.png 3
807420922.png 5
808823696.png 4
809026595.png 4
809319496.png 1
8104815.png 3
810512060.png 4
811124088.png 8
811211797.png 8
812330293.png 0
815516190.png 9
81602143.png 4
816229338.png 1
81701016.png 8
81922579.png 2
81943641.png 2
820014586.png 4
82069330.png 5
82109568.png 2
821623191.png 0
821726743.png 8
821813683.png 0
8220034.png 7
822022145.png 0
822932176.png 0
823114732.png 5
82318814.png 0
824029524.png 4
82422705.png 2
82701196.png 4
827211374.png 0
827331641.png 1
827525572.png 0
82804467.png 8
828813789.png 0
83059788.png 4
831017220.png 4
83194159.png 3
832110990.png 7
832222582.png 1
83488999.png 3
835123605.png 3
835813308.png 3
836010427.png 8
836615619.png 7
837615684.png 3
838230543.png 5
83914341.png 0
842117098.png 5
843386.png 9
843620664.png 5
84416214.png 0
84496322.png 4
846424129.png 0
846623135.png 0
847023152.png 0
84733824.png 1
847431119.png 3
848115198.png 1
848116739.png 4
84814999.png 4
848715560.png 6
848718567.png 0
848922856.png 0
849312603.png 2
849326141.png 4
849523178.png 4
84963157.png 4
850118426.png 6
850812647.png 0
850815699.png 1
85081864.png 7
852124841.png 6
853221912.png 1
854018017.png 4
854621086.png 0
857324891.png 8
858325244.png 1
859612580.png 4
860125808.png 8
860327534.png 4
860813613.png 1
8611949.png 2
8613896.png 8
86216163.png 0
86233089.png 6
86259010.png 6
863023866.png 8
863028454.png 3
86406647.png 6
864811573.png 0
86523905.png 7
866213987.png 0
86689649.png 7
86830230.png 1
869017250.png 7
869831843.png 1
870419317.png 0
87054921.png 6
870914514.png 0
8726610.png 8
873813826.png 3
87387656.png 4
87448708.png 1
87529496.png 8
87534711.png 0
875929903.png 6
876012091.png 4
8761406.png 3
876817581.png 5
878431621.png 0
882924924.png 6
88307942.png 4
883132417.png 1
884022520.png 8
884217182.png 4
886623019.png 2
88719489.png 3
88721108.png 7
887628221.png 0
889124388.png 3
8893721.png 9
89004848.png 9
890212124.png 1
891210185.png 7
891211811.png 0
891626828.png 4
891911807.png 1
892628255.png 1
893317285.png 9
89341250.png 0
89359787.png 1
896815726.png 2
898129576.png 1
900331430.png 8
90052892.png 8
901512254.png 0
903028763.png 5
904813965.png 4
90488728.png 6
905010434.png 7
905121821.png 9
905412300.png 4
906815727.png 5
90711797.png 1
908018750.png 4
908714950.png 1
909022461.png 0
90929922.png 4
910313335.png 0
9112988.png 4
911729056.png 0
912212383.png 0
91228600.png 5
912728556.png 8
913415121.png 1
91371905.png 5
913812436.png 7
913819783.png 4
9143518.png 3
91499209.png 4
915013758.png 7
91534211.png 4
915731449.png 1
915818338.png 3
916219878.png 5
91634583.png 9
916822708.png 0
91692781.png 6
917431619.png 1
91756678.png 2
91765692.png 0
91781102.png 2
918711386.png 4
918714685.png 3
91931664.png 9
919413342.png 8
920010217.png 1
920926452.png 1
922412993.png 4
922824188.png 7
923710754.png 8
924511418.png 7
924713207.png 8
92666726.png 4
926922475.png 1
927121064.png 5
928810028.png 6
928811987.png 8
930527709.png 2
930621731.png 2
930721154.png 5
931016561.png 4
931258.png 4
93178820.png 0
931829572.png 5
932031524.png 0
93224194.png 0
93274488.png 0
933028748.png 6
933426639.png 5
933512211.png 0
934121545.png 0
9342999.png 8
935316437.png 1
935323841.png 3
936218975.png 1
936522181.png 0
936732169.png 8
936811368.png 2
937126126.png 7
938226969.png 2
938428433.png 8
939516164.png 1
93955592.png 8
939630485.png 2
94039726.png 4
940829630.png 0
940912317.png 1
94161649.png 2
94243870.png 8
942718723.png 6
943013500.png 6
943126867.png 7
943211039.png 2
943530420.png 5
9441540.png 4
944611297.png 4
944930512.png 8
945214294.png 2
94528849.png 5
94652786.png 5
947515300.png 4
94774668.png 0
94825080.png 6
94968351.png 1
951412537.png 7
951519915.png 3
951813653.png 4
95206861.png 0
95232478.png 4
952919475.png 2
95432472.png 2
95471088.png 1
955630585.png 1
95644902.png 4
95678042.png 1
95710561.png 0
9574951.png 4
958125447.png 0
95821005.png 8
95828645.png 9
958610836.png 8
959329139.png 4
959722124.png 4
959932032.png 4
96013949.png 5
961624835.png 1
961827024.png 9
962221731.png 4
962532587.png 2
963024819.png 2
963427503.png 7
964028707.png 8
964030292.png 4
964232598.png 3
964323077.png 8
965116726.png 0
9656147.png 1
965632394.png 8
966121873.png 1
966214926.png 8
967010443.png 7
96895054.png 9
970216251.png 4
9703689.png 2
971031617.png 0
972024559.png 0
9720842.png 1
972913234.png 4
97447654.png 5
975219980.png 5
97548304.png 1
97569914.png 0
975931190.png 7
976123827.png 4
97656573.png 1
978314888.png 0
97853044.png 7
978713.png 1
980030457.png 0
98222491.png 4
982413225.png 7
98412799.png 2
984130054.png 8
984220610.png 0
98454374.png 4
985131813.png 4
985510686.png 7
9855440.png 5
98615129.png 1
987222229.png 2
989118293.png 0
989126543.png 8
98925128.png 0
99012615.png 1
99118925.png 4
9915507.png 7
991929512.png 0
99293748.png 9
99318612.png 6
994020925.png 0
9946995.png 4
995028503.png 0
995120535.png 1
99521395.png 6
995430523.png 1
9965797.png 2
996719949.png 3
996722455.png 3
99685580.png 3
996918895.png 4
997123713.png 1
997612167.png 1
99762776.png 0
997720371.png 8
997920579.png 7
998419880.png 4
99888055.png 1
999019129.png 7
